# github.com/ansel1/tang/sample/broken
broken/broken.go:7:1: syntax error: unexpected }, expected expression
=== RUN   TestRegister
=== PAUSE TestRegister
=== RUN   TestAuthenticate
=== PAUSE TestAuthenticate
=== RUN   TestValidatePassword
=== PAUSE TestValidatePassword
=== RUN   TestPasswordHashingNotImplemented
    auth_test.go:140: password hashing not yet implemented (tracked in #42)
--- SKIP: TestPasswordHashingNotImplemented (0.00s)
=== RUN   TestRateLimiting
    auth_test.go:145: Simulating rate limit window...
    auth_test.go:151:   attempt 1/8: failed auth (expected)
    auth_test.go:151:   attempt 2/8: failed auth (expected)
    auth_test.go:151:   attempt 3/8: failed auth (expected)
    auth_test.go:151:   attempt 4/8: failed auth (expected)
    auth_test.go:151:   attempt 5/8: failed auth (expected)
    auth_test.go:151:   attempt 6/8: failed auth (expected)
    auth_test.go:151:   attempt 7/8: failed auth (expected)
    auth_test.go:151:   attempt 8/8: failed auth (expected)
    auth_test.go:154: Rate limit window complete, verifying lockout...
    auth_test.go:156: Lockout verification done
--- PASS: TestRateLimiting (3.71s)
=== RUN   TestBruteForceProtection
=== PAUSE TestBruteForceProtection
=== CONT  TestRegister
=== RUN   TestRegister/success
=== PAUSE TestRegister/success
=== RUN   TestRegister/weak_password
=== PAUSE TestRegister/weak_password
=== CONT  TestRegister/success
=== CONT  TestBruteForceProtection
    auth_test.go:163: Starting brute force protection tests...
=== RUN   TestBruteForceProtection/dictionary_attack
=== PAUSE TestBruteForceProtection/dictionary_attack
=== RUN   TestBruteForceProtection/credential_stuffing
=== PAUSE TestBruteForceProtection/credential_stuffing
=== RUN   TestBruteForceProtection/timing_analysis
=== PAUSE TestBruteForceProtection/timing_analysis
=== CONT  TestBruteForceProtection/dictionary_attack
=== CONT  TestValidatePassword
=== RUN   TestValidatePassword/strong_password
=== PAUSE TestValidatePassword/strong_password
=== RUN   TestValidatePassword/too_short
=== PAUSE TestValidatePassword/too_short
=== RUN   TestValidatePassword/missing_uppercase
=== PAUSE TestValidatePassword/missing_uppercase
=== RUN   TestValidatePassword/missing_digit
=== PAUSE TestValidatePassword/missing_digit
=== RUN   TestValidatePassword/missing_special_FAILS
=== PAUSE TestValidatePassword/missing_special_FAILS
=== CONT  TestValidatePassword/strong_password
=== CONT  TestAuthenticate
=== RUN   TestAuthenticate/valid_credentials
=== PAUSE TestAuthenticate/valid_credentials
=== CONT  TestValidatePassword/missing_special_FAILS
=== RUN   TestAuthenticate/wrong_password
=== PAUSE TestAuthenticate/wrong_password
=== RUN   TestAuthenticate/unknown_user
=== PAUSE TestAuthenticate/unknown_user
=== RUN   TestAuthenticate/locked_account
=== NAME  TestValidatePassword/missing_special_FAILS
    auth_test.go:130: Issues found: [must contain a special character]
    auth_test.go:133: expected 0 issues but got 1: [must contain a special character]
=== CONT  TestRegister/weak_password
--- PASS: TestRegister (0.00s)
    --- PASS: TestRegister/success (0.00s)
    --- PASS: TestRegister/weak_password (0.00s)
=== CONT  TestValidatePassword/missing_uppercase
=== CONT  TestBruteForceProtection/credential_stuffing
=== PAUSE TestAuthenticate/locked_account
=== CONT  TestAuthenticate/valid_credentials
=== CONT  TestBruteForceProtection/timing_analysis
=== CONT  TestValidatePassword/missing_digit
=== CONT  TestAuthenticate/locked_account
=== NAME  TestBruteForceProtection/timing_analysis
    auth_test.go:211:   measuring auth timing for valid vs invalid users...
=== CONT  TestAuthenticate/wrong_password
=== CONT  TestValidatePassword/too_short
=== CONT  TestAuthenticate/unknown_user
--- FAIL: TestValidatePassword (0.00s)
    --- PASS: TestValidatePassword/strong_password (0.00s)
    --- FAIL: TestValidatePassword/missing_special_FAILS (0.00s)
    --- PASS: TestValidatePassword/missing_uppercase (0.00s)
    --- PASS: TestValidatePassword/missing_digit (0.00s)
    --- PASS: TestValidatePassword/too_short (0.00s)
--- PASS: TestAuthenticate (0.00s)
    --- PASS: TestAuthenticate/valid_credentials (0.00s)
    --- PASS: TestAuthenticate/locked_account (0.00s)
    --- PASS: TestAuthenticate/wrong_password (0.00s)
    --- PASS: TestAuthenticate/unknown_user (0.00s)
=== NAME  TestBruteForceProtection/credential_stuffing
    auth_test.go:201:   stuffing attempt 1/7: alice/leaked1 → blocked
=== NAME  TestBruteForceProtection/dictionary_attack
    auth_test.go:177:   dictionary attempt 1/8: "password" → invalid credentials
=== NAME  TestBruteForceProtection/timing_analysis
    auth_test.go:221:   timing check 1/6: 1.5µs
=== NAME  TestBruteForceProtection/credential_stuffing
    auth_test.go:201:   stuffing attempt 2/7: bob/leaked2 → blocked
=== NAME  TestBruteForceProtection/dictionary_attack
    auth_test.go:177:   dictionary attempt 2/8: "123456" → invalid credentials
=== NAME  TestBruteForceProtection/timing_analysis
    auth_test.go:221:   timing check 2/6: 1.417µs
=== NAME  TestBruteForceProtection/credential_stuffing
    auth_test.go:201:   stuffing attempt 3/7: alice/leaked3 → blocked
=== NAME  TestBruteForceProtection/dictionary_attack
    auth_test.go:177:   dictionary attempt 3/8: "qwerty" → invalid credentials
=== NAME  TestBruteForceProtection/timing_analysis
    auth_test.go:221:   timing check 3/6: 1.334µs
=== NAME  TestBruteForceProtection/dictionary_attack
    auth_test.go:177:   dictionary attempt 4/8: "letmein" → invalid credentials
=== NAME  TestBruteForceProtection/credential_stuffing
    auth_test.go:201:   stuffing attempt 4/7: bob/leaked4 → blocked
=== NAME  TestBruteForceProtection/timing_analysis
    auth_test.go:221:   timing check 4/6: 1.667µs
=== NAME  TestBruteForceProtection/dictionary_attack
    auth_test.go:177:   dictionary attempt 5/8: "admin" → invalid credentials
=== NAME  TestBruteForceProtection/credential_stuffing
    auth_test.go:201:   stuffing attempt 5/7: alice/leaked5 → blocked
    auth_test.go:201:   stuffing attempt 6/7: bob/leaked6 → blocked
=== NAME  TestBruteForceProtection/dictionary_attack
    auth_test.go:177:   dictionary attempt 6/8: "welcome" → invalid credentials
=== NAME  TestBruteForceProtection/timing_analysis
    auth_test.go:221:   timing check 5/6: 1.625µs
=== NAME  TestBruteForceProtection/dictionary_attack
    auth_test.go:177:   dictionary attempt 7/8: "monkey" → invalid credentials
=== NAME  TestBruteForceProtection/credential_stuffing
    auth_test.go:201:   stuffing attempt 7/7: alice/alicePass1! → SUCCESS
    auth_test.go:203:   credential stuffing simulation complete
=== NAME  TestBruteForceProtection/timing_analysis
    auth_test.go:221:   timing check 6/6: 750ns
    auth_test.go:223:   timing analysis complete
=== NAME  TestBruteForceProtection/dictionary_attack
    auth_test.go:177:   dictionary attempt 8/8: "dragon" → invalid credentials
    auth_test.go:179:   dictionary attack simulation complete
--- PASS: TestBruteForceProtection (0.00s)
    --- PASS: TestBruteForceProtection/credential_stuffing (3.51s)
    --- PASS: TestBruteForceProtection/timing_analysis (3.62s)
    --- PASS: TestBruteForceProtection/dictionary_attack (4.01s)
FAIL
FAIL	github.com/ansel1/tang/sample/auth	8.106s
FAIL	github.com/ansel1/tang/sample/broken [build failed]
=== RUN   TestNew
=== PAUSE TestNew
=== RUN   TestSetAndGet
=== PAUSE TestSetAndGet
=== RUN   TestExpiration
    cache_test.go:57: Creating cache with 1.5s TTL
    cache_test.go:64: Verifying all keys exist before expiration...
    cache_test.go:69:   key-a: present
    cache_test.go:69:   key-b: present
    cache_test.go:69:   key-c: present
    cache_test.go:73: Waiting for TTL to expire...
    cache_test.go:76: Verifying all keys have expired...
    cache_test.go:81:   key-a: expired
    cache_test.go:81:   key-b: expired
    cache_test.go:81:   key-c: expired
    cache_test.go:84: Expiration test complete
--- PASS: TestExpiration (3.01s)
=== RUN   TestPurge
    cache_test.go:89: Setting up cache for purge test
    cache_test.go:94:   stored key0
    cache_test.go:94:   stored key1
    cache_test.go:94:   stored key2
    cache_test.go:94:   stored key3
    cache_test.go:94:   stored key4
    cache_test.go:94:   stored key5
    cache_test.go:94:   stored key6
    cache_test.go:94:   stored key7
    cache_test.go:97: Cache has 8 items
    cache_test.go:99: Waiting for oldest entries to expire...
    cache_test.go:103: Purged 8 expired entries, 0 remaining
--- PASS: TestPurge (2.21s)
=== RUN   TestConcurrentAccess
=== PAUSE TestConcurrentAccess
=== RUN   TestCacheWarming
    cache_test.go:204: Warming cache from simulated data source...
    cache_test.go:213:   loaded users (1/8 sources, 10 total entries)
    cache_test.go:213:   loaded products (2/8 sources, 20 total entries)
    cache_test.go:213:   loaded orders (3/8 sources, 30 total entries)
    cache_test.go:213:   loaded sessions (4/8 sources, 40 total entries)
    cache_test.go:213:   loaded config (5/8 sources, 50 total entries)
    cache_test.go:213:   loaded permissions (6/8 sources, 60 total entries)
    cache_test.go:213:   loaded templates (7/8 sources, 70 total entries)
    cache_test.go:213:   loaded analytics (8/8 sources, 80 total entries)
    cache_test.go:215: Cache warming complete: 80 entries loaded
--- PASS: TestCacheWarming (5.61s)
=== CONT  TestNew
--- PASS: TestNew (0.00s)
=== CONT  TestConcurrentAccess
    cache_test.go:114: Starting concurrent access tests...
=== RUN   TestConcurrentAccess/writers_only
=== PAUSE TestConcurrentAccess/writers_only
=== RUN   TestConcurrentAccess/readers_only
=== PAUSE TestConcurrentAccess/readers_only
=== RUN   TestConcurrentAccess/mixed_read_write
=== PAUSE TestConcurrentAccess/mixed_read_write
=== CONT  TestConcurrentAccess/writers_only
=== CONT  TestConcurrentAccess/mixed_read_write
=== CONT  TestConcurrentAccess/readers_only
=== CONT  TestSetAndGet
=== RUN   TestSetAndGet/store_and_retrieve
=== PAUSE TestSetAndGet/store_and_retrieve
=== RUN   TestSetAndGet/missing_key
=== PAUSE TestSetAndGet/missing_key
=== RUN   TestSetAndGet/overwrite
=== PAUSE TestSetAndGet/overwrite
=== CONT  TestSetAndGet/store_and_retrieve
=== CONT  TestSetAndGet/overwrite
=== CONT  TestSetAndGet/missing_key
--- PASS: TestSetAndGet (0.00s)
    --- PASS: TestSetAndGet/store_and_retrieve (0.00s)
    --- PASS: TestSetAndGet/overwrite (0.00s)
    --- PASS: TestSetAndGet/missing_key (0.00s)
=== NAME  TestConcurrentAccess/mixed_read_write
    cache_test.go:198:   mixed test complete, cache has 250 entries
=== NAME  TestConcurrentAccess/writers_only
    cache_test.go:133:   writers complete, cache has 250 entries
=== NAME  TestConcurrentAccess/readers_only
    cache_test.go:157:   readers complete
--- PASS: TestConcurrentAccess (0.00s)
    --- PASS: TestConcurrentAccess/mixed_read_write (0.53s)
    --- PASS: TestConcurrentAccess/writers_only (0.53s)
    --- PASS: TestConcurrentAccess/readers_only (0.55s)
PASS
ok  	github.com/ansel1/tang/sample/cache	(cached)
=== RUN   TestAdd
=== PAUSE TestAdd
=== RUN   TestSubtract
=== PAUSE TestSubtract
=== RUN   TestMultiply
=== PAUSE TestMultiply
=== RUN   TestDivide
=== PAUSE TestDivide
=== RUN   TestFibonacci
=== RUN   TestFibonacci/zero
=== PAUSE TestFibonacci/zero
=== RUN   TestFibonacci/one
=== PAUSE TestFibonacci/one
=== RUN   TestFibonacci/small
=== PAUSE TestFibonacci/small
=== RUN   TestFibonacci/medium
=== PAUSE TestFibonacci/medium
=== RUN   TestFibonacci/larger
=== PAUSE TestFibonacci/larger
=== CONT  TestFibonacci/zero
=== CONT  TestFibonacci/larger
=== CONT  TestFibonacci/medium
=== CONT  TestFibonacci/small
=== CONT  TestFibonacci/one
--- PASS: TestFibonacci (0.00s)
    --- PASS: TestFibonacci/zero (0.00s)
    --- PASS: TestFibonacci/larger (0.00s)
    --- PASS: TestFibonacci/medium (0.00s)
    --- PASS: TestFibonacci/small (0.00s)
    --- PASS: TestFibonacci/one (0.00s)
=== RUN   TestIsPrimeSlow
=== PAUSE TestIsPrimeSlow
=== RUN   TestIsPrime
=== RUN   TestIsPrime/negative
=== PAUSE TestIsPrime/negative
=== RUN   TestIsPrime/zero
=== PAUSE TestIsPrime/zero
=== RUN   TestIsPrime/one
=== PAUSE TestIsPrime/one
=== RUN   TestIsPrime/two
=== PAUSE TestIsPrime/two
=== RUN   TestIsPrime/three
=== PAUSE TestIsPrime/three
=== RUN   TestIsPrime/four
=== PAUSE TestIsPrime/four
=== RUN   TestIsPrime/large_prime
=== PAUSE TestIsPrime/large_prime
=== RUN   TestIsPrime/large_composite
=== PAUSE TestIsPrime/large_composite
=== CONT  TestIsPrime/negative
=== CONT  TestIsPrime/three
=== CONT  TestIsPrime/two
=== CONT  TestIsPrime/one
=== CONT  TestIsPrime/zero
=== CONT  TestIsPrime/large_prime
=== CONT  TestIsPrime/large_composite
=== CONT  TestIsPrime/four
--- PASS: TestIsPrime (0.00s)
    --- PASS: TestIsPrime/negative (0.00s)
    --- PASS: TestIsPrime/three (0.00s)
    --- PASS: TestIsPrime/two (0.00s)
    --- PASS: TestIsPrime/one (0.00s)
    --- PASS: TestIsPrime/zero (0.00s)
    --- PASS: TestIsPrime/large_prime (0.00s)
    --- PASS: TestIsPrime/large_composite (0.00s)
    --- PASS: TestIsPrime/four (0.00s)
=== CONT  TestAdd
--- PASS: TestAdd (0.00s)
=== CONT  TestMultiply
=== CONT  TestSubtract
=== CONT  TestDivide
=== CONT  TestIsPrimeSlow
=== RUN   TestDivide/basic
=== PAUSE TestDivide/basic
=== RUN   TestDivide/integer_truncation
=== NAME  TestIsPrimeSlow
    mathutil_test.go:80: Starting slow prime checks...
=== PAUSE TestDivide/integer_truncation
=== RUN   TestDivide/negative
=== RUN   TestIsPrimeSlow/small_primes
=== PAUSE TestIsPrimeSlow/small_primes
=== PAUSE TestDivide/negative
=== CONT  TestDivide/basic
=== CONT  TestDivide/negative
--- PASS: TestMultiply (0.00s)
--- PASS: TestSubtract (0.00s)
=== RUN   TestIsPrimeSlow/large_primes
=== PAUSE TestIsPrimeSlow/large_primes
=== RUN   TestIsPrimeSlow/composites
=== PAUSE TestIsPrimeSlow/composites
=== CONT  TestIsPrimeSlow/small_primes
    mathutil_test.go:86:   checking 2...
=== CONT  TestIsPrimeSlow/large_primes
    mathutil_test.go:100:   verifying 97 is prime...
=== CONT  TestDivide/integer_truncation
--- PASS: TestDivide (0.00s)
    --- PASS: TestDivide/basic (0.00s)
    --- PASS: TestDivide/negative (0.00s)
    --- PASS: TestDivide/integer_truncation (0.00s)
=== CONT  TestIsPrimeSlow/composites
    mathutil_test.go:113:   verifying 4 is composite...
    mathutil_test.go:113:   verifying 6 is composite...
=== NAME  TestIsPrimeSlow/small_primes
    mathutil_test.go:86:   checking 3...
=== NAME  TestIsPrimeSlow/large_primes
    mathutil_test.go:100:   verifying 101 is prime...
=== NAME  TestIsPrimeSlow/composites
    mathutil_test.go:113:   verifying 8 is composite...
=== NAME  TestIsPrimeSlow/small_primes
    mathutil_test.go:86:   checking 5...
=== NAME  TestIsPrimeSlow/large_primes
    mathutil_test.go:100:   verifying 103 is prime...
=== NAME  TestIsPrimeSlow/composites
    mathutil_test.go:113:   verifying 9 is composite...
=== NAME  TestIsPrimeSlow/small_primes
    mathutil_test.go:86:   checking 7...
=== NAME  TestIsPrimeSlow/composites
    mathutil_test.go:113:   verifying 10 is composite...
=== NAME  TestIsPrimeSlow/large_primes
    mathutil_test.go:100:   verifying 107 is prime...
=== NAME  TestIsPrimeSlow/small_primes
    mathutil_test.go:86:   checking 11...
=== NAME  TestIsPrimeSlow/composites
    mathutil_test.go:113:   verifying 12 is composite...
=== NAME  TestIsPrimeSlow/large_primes
    mathutil_test.go:100:   verifying 109 is prime...
=== NAME  TestIsPrimeSlow/composites
    mathutil_test.go:113:   verifying 15 is composite...
=== NAME  TestIsPrimeSlow/small_primes
    mathutil_test.go:86:   checking 13...
=== NAME  TestIsPrimeSlow/composites
    mathutil_test.go:119:   composites complete
=== NAME  TestIsPrimeSlow/large_primes
    mathutil_test.go:100:   verifying 113 is prime...
=== NAME  TestIsPrimeSlow/small_primes
    mathutil_test.go:93:   small primes complete
=== NAME  TestIsPrimeSlow/large_primes
    mathutil_test.go:106:   large primes complete
--- PASS: TestIsPrimeSlow (0.00s)
    --- PASS: TestIsPrimeSlow/composites (2.80s)
    --- PASS: TestIsPrimeSlow/small_primes (3.00s)
    --- PASS: TestIsPrimeSlow/large_primes (3.60s)
PASS
ok  	github.com/ansel1/tang/sample/mathutil	(cached)
?   	github.com/ansel1/tang/sample/models	[no test files]
=== RUN   TestReverse
=== PAUSE TestReverse
=== RUN   TestPalindromeStress
=== PAUSE TestPalindromeStress
=== RUN   TestPalindrome
=== PAUSE TestPalindrome
=== RUN   TestWordCount
=== PAUSE TestWordCount
=== RUN   TestTruncate
=== PAUSE TestTruncate
=== RUN   TestSlowReverse
    stringutil_test.go:163:   reversing word 1/7: "apple"...
    stringutil_test.go:163:   reversing word 2/7: "banana"...
    stringutil_test.go:163:   reversing word 3/7: "cherry"...
    stringutil_test.go:163:   reversing word 4/7: "dragonfruit"...
    stringutil_test.go:163:   reversing word 5/7: "elderberry"...
    stringutil_test.go:163:   reversing word 6/7: "fig"...
    stringutil_test.go:163:   reversing word 7/7: "guava"...
    stringutil_test.go:171: All reversals verified
--- PASS: TestSlowReverse (5.61s)
=== RUN   TestReverseBatch
=== PAUSE TestReverseBatch
=== RUN   TestSkippedFeature
    stringutil_test.go:228: Skipping: regex support not yet implemented
--- SKIP: TestSkippedFeature (0.00s)
=== RUN   TestConditionalSkip
    stringutil_test.go:233: Skipping: requires external service
--- SKIP: TestConditionalSkip (0.00s)
=== RUN   TestWordCountSlow
    stringutil_test.go:238: Counting words in sample paragraphs...
    stringutil_test.go:250:   paragraph 1: 9 words — "The quick brown fox jumps over..."
    stringutil_test.go:250:   paragraph 2: 7 words — "Go is an open source programmi..."
    stringutil_test.go:250:   paragraph 3: 8 words — "Testing is a crucial part of s..."
    stringutil_test.go:250:   paragraph 4: 7 words — "Tang provides a better test ru..."
    stringutil_test.go:250:   paragraph 5: 8 words — "Concurrency is not parallelism..."
    stringutil_test.go:250:   paragraph 6: 5 words — "Simplicity is the ultimate sop..."
--- PASS: TestWordCountSlow (4.20s)
=== CONT  TestReverse
=== RUN   TestReverse/simple
=== CONT  TestWordCount
=== PAUSE TestReverse/simple
=== NAME  TestWordCount
    stringutil_test.go:104: Testing word count with various inputs
=== RUN   TestReverse/empty
--- PASS: TestWordCount (0.00s)
=== CONT  TestReverseBatch
=== PAUSE TestReverse/empty
=== RUN   TestReverse/unicode
=== PAUSE TestReverse/unicode
=== RUN   TestReverse/single_char
=== PAUSE TestReverse/single_char
=== CONT  TestReverse/simple
=== CONT  TestPalindrome
=== NAME  TestReverseBatch
    stringutil_test.go:178: Starting batch reverse tests...
=== RUN   TestPalindrome/racecar
=== CONT  TestTruncate
=== RUN   TestTruncate/no_truncation
=== PAUSE TestPalindrome/racecar
=== RUN   TestPalindrome/hello
=== PAUSE TestTruncate/no_truncation
=== CONT  TestPalindromeStress
=== RUN   TestTruncate/exact_length
=== PAUSE TestTruncate/exact_length
=== RUN   TestTruncate/truncated
=== PAUSE TestTruncate/truncated
=== RUN   TestTruncate/very_short_max
=== NAME  TestPalindromeStress
    stringutil_test.go:49: Running palindrome stress tests with simulated I/O...
=== RUN   TestPalindromeStress/known_palindromes
=== PAUSE TestPalindromeStress/known_palindromes
=== RUN   TestPalindromeStress/non_palindromes
=== PAUSE TestPalindrome/hello
=== PAUSE TestPalindromeStress/non_palindromes
=== CONT  TestPalindromeStress/known_palindromes
=== CONT  TestPalindromeStress/non_palindromes
=== RUN   TestPalindrome/mixed_case
=== PAUSE TestPalindrome/mixed_case
=== RUN   TestPalindrome/single_char
=== PAUSE TestPalindrome/single_char
=== RUN   TestPalindrome/empty
=== PAUSE TestPalindrome/empty
=== CONT  TestPalindrome/racecar
=== PAUSE TestTruncate/very_short_max
=== CONT  TestTruncate/no_truncation
=== CONT  TestPalindrome/empty
=== CONT  TestPalindrome/single_char
=== CONT  TestReverse/unicode
=== CONT  TestTruncate/truncated
=== CONT  TestTruncate/exact_length
=== CONT  TestPalindrome/mixed_case
=== CONT  TestReverse/single_char
=== CONT  TestPalindrome/hello
--- PASS: TestPalindrome (0.00s)
    --- PASS: TestPalindrome/racecar (0.00s)
    --- PASS: TestPalindrome/empty (0.00s)
    --- PASS: TestPalindrome/single_char (0.00s)
    --- PASS: TestPalindrome/mixed_case (0.00s)
    --- PASS: TestPalindrome/hello (0.00s)
=== CONT  TestReverse/empty
--- PASS: TestReverse (0.00s)
    --- PASS: TestReverse/simple (0.00s)
    --- PASS: TestReverse/unicode (0.00s)
    --- PASS: TestReverse/single_char (0.00s)
    --- PASS: TestReverse/empty (0.00s)
=== RUN   TestReverseBatch/short_words
=== PAUSE TestReverseBatch/short_words
=== RUN   TestReverseBatch/long_words
=== PAUSE TestReverseBatch/long_words
=== RUN   TestReverseBatch/sentences
=== CONT  TestTruncate/very_short_max
--- PASS: TestTruncate (0.00s)
    --- PASS: TestTruncate/no_truncation (0.00s)
    --- PASS: TestTruncate/truncated (0.00s)
    --- PASS: TestTruncate/exact_length (0.00s)
    --- PASS: TestTruncate/very_short_max (0.00s)
=== PAUSE TestReverseBatch/sentences
=== CONT  TestReverseBatch/short_words
=== CONT  TestReverseBatch/sentences
=== CONT  TestReverseBatch/long_words
=== NAME  TestReverseBatch/short_words
    stringutil_test.go:189:   verified "go"
=== NAME  TestPalindromeStress/known_palindromes
    stringutil_test.go:56:   checking "racecar"...
=== NAME  TestPalindromeStress/non_palindromes
    stringutil_test.go:69:   checking "hello"...
=== NAME  TestReverseBatch/long_words
    stringutil_test.go:202:   verified "extraordinary" (13 chars)
=== NAME  TestReverseBatch/sentences
    stringutil_test.go:217:   "the quick brown fox" -> "xof nworb kciuq eht"
=== NAME  TestPalindromeStress/non_palindromes
    stringutil_test.go:69:   checking "world"...
=== NAME  TestReverseBatch/short_words
    stringutil_test.go:189:   verified "is"
=== NAME  TestPalindromeStress/known_palindromes
    stringutil_test.go:56:   checking "madam"...
=== NAME  TestReverseBatch/long_words
    stringutil_test.go:202:   verified "consciousness" (13 chars)
=== NAME  TestPalindromeStress/known_palindromes
    stringutil_test.go:56:   checking "level"...
=== NAME  TestPalindromeStress/non_palindromes
    stringutil_test.go:69:   checking "golang"...
=== NAME  TestReverseBatch/short_words
    stringutil_test.go:189:   verified "fun"
=== NAME  TestReverseBatch/sentences
    stringutil_test.go:217:   "jumps over the lazy dog" -> "god yzal eht revo spmuj"
=== NAME  TestReverseBatch/short_words
    stringutil_test.go:189:   verified "and"
=== NAME  TestPalindromeStress/non_palindromes
    stringutil_test.go:69:   checking "testing"...
=== NAME  TestPalindromeStress/known_palindromes
    stringutil_test.go:56:   checking "rotor"...
=== NAME  TestReverseBatch/long_words
    stringutil_test.go:202:   verified "Mediterranean" (13 chars)
=== NAME  TestReverseBatch/sentences
    stringutil_test.go:217:   "hello world from go" -> "og morf dlrow olleh"
=== NAME  TestPalindromeStress/known_palindromes
    stringutil_test.go:56:   checking "civic"...
=== NAME  TestReverseBatch/short_words
    stringutil_test.go:189:   verified "fast"
=== NAME  TestPalindromeStress/non_palindromes
    stringutil_test.go:69:   checking "sample"...
=== NAME  TestReverseBatch/long_words
    stringutil_test.go:202:   verified "approximately" (13 chars)
=== NAME  TestPalindromeStress/non_palindromes
    stringutil_test.go:69:   checking "runner"...
    stringutil_test.go:74:   non-palindromes verified
=== NAME  TestPalindromeStress/known_palindromes
    stringutil_test.go:56:   checking "kayak"...
=== NAME  TestReverseBatch/short_words
    stringutil_test.go:189:   verified "cool"
=== NAME  TestReverseBatch/sentences
    stringutil_test.go:217:   "testing is important" -> "tnatropmi si gnitset"
=== NAME  TestReverseBatch/long_words
    stringutil_test.go:202:   verified "communication" (13 chars)
--- PASS: TestReverseBatch (0.00s)
    --- PASS: TestReverseBatch/short_words (3.01s)
    --- PASS: TestReverseBatch/sentences (3.20s)
    --- PASS: TestReverseBatch/long_words (3.50s)
=== NAME  TestPalindromeStress/known_palindromes
    stringutil_test.go:56:   checking "refer"...
    stringutil_test.go:61:   palindromes verified
--- PASS: TestPalindromeStress (0.00s)
    --- PASS: TestPalindromeStress/non_palindromes (3.01s)
    --- PASS: TestPalindromeStress/known_palindromes (3.51s)
PASS
ok  	github.com/ansel1/tang/sample/stringutil	(cached)
=== RUN   TestRequired
=== PAUSE TestRequired
=== RUN   TestMinLength
=== PAUSE TestMinLength
=== RUN   TestMaxLength
=== PAUSE TestMaxLength
=== RUN   TestMatchesPattern
=== PAUSE TestMatchesPattern
=== RUN   TestValidate
=== PAUSE TestValidate
=== RUN   TestSlowValidation
    validator_test.go:192: Running validation pipeline with simulated I/O delays...
    validator_test.go:215:   [1/10] validate("alice@example.com"): PASS (0 errors)
    validator_test.go:215:   [2/10] validate("bob"): FAIL (1 errors)
    validator_test.go:215:   [3/10] validate(""): FAIL (3 errors)
    validator_test.go:215:   [4/10] validate("valid@test.org"): PASS (0 errors)
    validator_test.go:215:   [5/10] validate("x"): FAIL (2 errors)
    validator_test.go:215:   [6/10] validate("admin@internal.corp"): PASS (0 errors)
    validator_test.go:215:   [7/10] validate("not-valid"): FAIL (1 errors)
    validator_test.go:215:   [8/10] validate("user123@domain.io"): PASS (0 errors)
    validator_test.go:215:   [9/10] validate("test"): FAIL (1 errors)
    validator_test.go:215:   [10/10] validate("support@company.com"): PASS (0 errors)
    validator_test.go:217: Validation pipeline complete
--- PASS: TestSlowValidation (10.01s)
=== RUN   TestFormValidation
=== PAUSE TestFormValidation
=== RUN   TestSkippedDatabaseValidation
    validator_test.go:304: requires database connection
--- SKIP: TestSkippedDatabaseValidation (0.00s)
=== CONT  TestRequired
=== CONT  TestMatchesPattern
=== RUN   TestRequired/valid
=== PAUSE TestRequired/valid
=== RUN   TestRequired/empty
=== RUN   TestMatchesPattern/email
=== PAUSE TestRequired/empty
=== RUN   TestRequired/whitespace_only
=== PAUSE TestMatchesPattern/email
=== CONT  TestFormValidation
=== RUN   TestMatchesPattern/phone
=== NAME  TestFormValidation
    validator_test.go:224: Validating form submissions...
=== RUN   TestFormValidation/user_registration
=== CONT  TestValidate
=== PAUSE TestFormValidation/user_registration
=== RUN   TestValidate/all_pass
=== CONT  TestMaxLength
=== PAUSE TestValidate/all_pass
=== RUN   TestMaxLength/valid
=== PAUSE TestMaxLength/valid
=== RUN   TestMaxLength/too_long
=== RUN   TestFormValidation/contact_form
=== PAUSE TestFormValidation/contact_form
=== PAUSE TestMatchesPattern/phone
=== RUN   TestMatchesPattern/url
=== PAUSE TestMatchesPattern/url
=== CONT  TestMatchesPattern/email
=== CONT  TestMatchesPattern/url
=== RUN   TestMatchesPattern/email/valid
=== PAUSE TestMatchesPattern/email/valid
=== RUN   TestMatchesPattern/email/invalid
=== RUN   TestMatchesPattern/url/valid_https
=== RUN   TestValidate/multiple_failures
=== PAUSE TestMatchesPattern/url/valid_https
=== PAUSE TestValidate/multiple_failures
=== RUN   TestMatchesPattern/url/valid_http
=== RUN   TestValidate/partial_failure
=== PAUSE TestMatchesPattern/url/valid_http
=== PAUSE TestValidate/partial_failure
=== RUN   TestMatchesPattern/url/missing_scheme
=== PAUSE TestMatchesPattern/email/invalid
=== PAUSE TestMatchesPattern/url/missing_scheme
=== CONT  TestMatchesPattern/url/valid_https
=== CONT  TestValidate/all_pass
=== CONT  TestMatchesPattern/url/missing_scheme
=== CONT  TestMatchesPattern/url/valid_http
=== RUN   TestMatchesPattern/email/missing_domain
=== PAUSE TestMatchesPattern/email/missing_domain
=== CONT  TestMatchesPattern/email/valid
=== CONT  TestMatchesPattern/email/missing_domain
=== CONT  TestMatchesPattern/email/invalid
=== CONT  TestMinLength
=== RUN   TestMinLength/valid
=== PAUSE TestMinLength/valid
=== RUN   TestMinLength/too_short
=== PAUSE TestRequired/whitespace_only
=== PAUSE TestMinLength/too_short
=== CONT  TestRequired/valid
=== RUN   TestMinLength/exact
=== PAUSE TestMaxLength/too_long
=== CONT  TestMaxLength/valid
=== PAUSE TestMinLength/exact
=== CONT  TestMinLength/valid
=== CONT  TestMinLength/exact
=== CONT  TestRequired/whitespace_only
=== CONT  TestMinLength/too_short
--- PASS: TestMinLength (0.00s)
    --- PASS: TestMinLength/valid (0.00s)
    --- PASS: TestMinLength/exact (0.00s)
    --- PASS: TestMinLength/too_short (0.00s)
=== CONT  TestMatchesPattern/phone
=== CONT  TestValidate/partial_failure
=== CONT  TestValidate/multiple_failures
=== RUN   TestMatchesPattern/phone/valid_US
=== PAUSE TestMatchesPattern/phone/valid_US
=== RUN   TestMatchesPattern/phone/too_short
=== PAUSE TestMatchesPattern/phone/too_short
=== RUN   TestMatchesPattern/phone/letters
=== PAUSE TestMatchesPattern/phone/letters
=== CONT  TestMatchesPattern/phone/valid_US
=== NAME  TestValidate/multiple_failures
    validator_test.go:177: Validation errors (expected): [value is required must be at least 5 characters, got 0]
=== CONT  TestRequired/empty
--- PASS: TestValidate (0.00s)
    --- PASS: TestValidate/all_pass (0.00s)
    --- PASS: TestValidate/partial_failure (0.00s)
    --- PASS: TestValidate/multiple_failures (0.00s)
=== RUN   TestFormValidation/settings_form
--- PASS: TestRequired (0.00s)
    --- PASS: TestRequired/valid (0.00s)
    --- PASS: TestRequired/whitespace_only (0.00s)
    --- PASS: TestRequired/empty (0.00s)
=== CONT  TestMaxLength/too_long
=== PAUSE TestFormValidation/settings_form
--- PASS: TestMaxLength (0.00s)
    --- PASS: TestMaxLength/valid (0.00s)
    --- PASS: TestMaxLength/too_long (0.00s)
=== CONT  TestFormValidation/settings_form
=== CONT  TestFormValidation/contact_form
=== CONT  TestFormValidation/user_registration
=== CONT  TestMatchesPattern/phone/letters
=== CONT  TestMatchesPattern/phone/too_short
--- PASS: TestMatchesPattern (0.00s)
    --- PASS: TestMatchesPattern/url (0.00s)
        --- PASS: TestMatchesPattern/url/valid_https (0.00s)
        --- PASS: TestMatchesPattern/url/missing_scheme (0.00s)
        --- PASS: TestMatchesPattern/url/valid_http (0.00s)
    --- PASS: TestMatchesPattern/email (0.00s)
        --- PASS: TestMatchesPattern/email/valid (0.00s)
        --- PASS: TestMatchesPattern/email/missing_domain (0.00s)
        --- PASS: TestMatchesPattern/email/invalid (0.00s)
    --- PASS: TestMatchesPattern/phone (0.00s)
        --- PASS: TestMatchesPattern/phone/valid_US (0.00s)
        --- PASS: TestMatchesPattern/phone/letters (0.00s)
        --- PASS: TestMatchesPattern/phone/too_short (0.00s)
=== NAME  TestFormValidation/contact_form
    validator_test.go:267:   name = "" → 2 errors (expected 2)
=== NAME  TestFormValidation/user_registration
    validator_test.go:241:   name = "Alice Smith" → 0 errors
=== NAME  TestFormValidation/settings_form
    validator_test.go:293:   display_name = "Alice" → 0 errors
    validator_test.go:293:   timezone = "America/New_York" → 0 errors
=== NAME  TestFormValidation/contact_form
    validator_test.go:267:   email = "not-email" → 1 errors (expected 1)
=== NAME  TestFormValidation/user_registration
    validator_test.go:241:   bio = "Go developer" → 0 errors
    validator_test.go:241:   username = "alice" → 0 errors
=== NAME  TestFormValidation/settings_form
    validator_test.go:293:   language = "en" → 0 errors
=== NAME  TestFormValidation/contact_form
    validator_test.go:267:   subject = "Hi" → 1 errors (expected 1)
    validator_test.go:267:   message = "Help me with my account please" → 0 errors (expected 0)
=== NAME  TestFormValidation/user_registration
    validator_test.go:241:   email = "alice@example.com" → 0 errors
=== NAME  TestFormValidation/settings_form
    validator_test.go:293:   theme = "dark" → 0 errors
=== NAME  TestFormValidation/user_registration
    validator_test.go:241:   password = "SecureP4ss!" → 0 errors
    validator_test.go:246:   user registration form: all fields valid
=== NAME  TestFormValidation/settings_form
    validator_test.go:293:   page_size = "25" → 0 errors
=== NAME  TestFormValidation/contact_form
    validator_test.go:267:   phone = "+12025551234" → 0 errors (expected 0)
    validator_test.go:272:   contact form: validation results match expectations
=== NAME  TestFormValidation/settings_form
    validator_test.go:293:   notification_email = "alice@example.com" → 0 errors
    validator_test.go:298:   settings form: all settings valid
--- PASS: TestFormValidation (0.00s)
    --- PASS: TestFormValidation/user_registration (5.00s)
    --- PASS: TestFormValidation/contact_form (5.00s)
    --- PASS: TestFormValidation/settings_form (6.00s)
PASS
ok  	github.com/ansel1/tang/sample/validator	(cached)
FAIL
