=== github.com/ansel1/tang/sample/auth
    --- FAIL: TestValidatePassword (0.00s)
        --- FAIL: TestValidatePassword/missing_special_FAILS (0.00s)
            auth_test.go:130: Issues found: [must contain a special character]
            auth_test.go:133: expected 0 issues but got 1: [must contain a special character]
    --- SKIP: TestPasswordHashingNotImplemented (0.00s)
        auth_test.go:140: password hashing not yet implemented (tracked in #42)

=== github.com/ansel1/tang/sample/broken
    # github.com/ansel1/tang/sample/broken
    broken/broken.go:7:1: syntax error: unexpected }, expected expression

=== github.com/ansel1/tang/sample/stringutil
    --- SKIP: TestConditionalSkip (0.00s)
        stringutil_test.go:233: Skipping: requires external service
    --- SKIP: TestSkippedFeature (0.00s)
        stringutil_test.go:228: Skipping: regex support not yet implemented

=== github.com/ansel1/tang/sample/validator
    --- SKIP: TestSkippedDatabaseValidation (0.00s)
        validator_test.go:304: requires database connection
    --- SLOW: TestSlowValidation (10.01s)

----------------------------------------------------------------------------------------------
FAIL    github.com/ansel1/tang/sample/auth      7.911s            ✓ 17  ✗ 2  ∅ 1  00:00:07.912
FAIL    github.com/ansel1/tang/sample/broken [build failed]                       00:00:00.000
ok      github.com/ansel1/tang/sample/cache     (cached)          ✓ 12  ✗ 0  ∅ 0  00:00:00.001
ok      github.com/ansel1/tang/sample/mathutil  (cached)          ✓ 26  ✗ 0  ∅ 0  00:00:00.006
?       github.com/ansel1/tang/sample/models    [no test files]                   00:00:00.000
ok      github.com/ansel1/tang/sample/stringutil        (cached)  ✓ 26  ✗ 0  ∅ 2  00:00:00.006
ok      github.com/ansel1/tang/sample/validator (cached)          ✓ 33  ✗ 0  ∅ 1  00:00:00.006

Total tests:    120
Passed:         114 ✓ (95.0%)
Failed:         2 ✗ (1.7%)
Skipped:        4 ∅ (3.3%)
Total time:     00:00:07.912
Packages:       7

