[?2026$p[?2027$p[?25l[?2004h[>4;2m[=1;1u[?u[J[J[J[J[J[J[J[J[J[J[J[J[J[J[J[J[J[J[J[J[J[J[J[J[J[J[J[J[J[J[J[J[J[J[J[J[J[J[J[J[J[J[J[J[J[J[J[J[J[J[J[J[J[J[J[J[J[J[J[J[J[J[J[J[J[J[J[J[J[J[J[J[J[J[J[J[J[J[J[J[J[J[J[J[J[J[J[J[J[J[J[J[J[J[J[J[J[J[J[J[J[J[J[J[J[J[J[J[J[J[J[J[J[J[J[J[J[J[J[J[J[J[J[J[J[J[J[J[J[J[J[J[J[J[J[J[J[J[J[J[J[J[J[J[J[J[J[J[J[J[J[J[J[J[J[J[J[J[J[J[J[J[J[J[J[J[J[J[J[J[J[J[J[J[J[J[J[J[J[J[J[J[J[J[J[J[J[J[J[J[J[J[J[J[J[J[J[J[J[J[J[J[J[J[J[J[J[J[J[J[J[J[J[J[J[J[J[J[J[J[J[J[J[J[J[J[J[J[J[J[J[J[J[J[J[J[J[J[J[J[J[J[J[J[J[J[J[J[J[J[J[J[J[J[J[J[J[J[J[J[J[J[J[J[J[J[J[J[J[J[J[J[J[J[J[J[J[J[J[J[J[J[J[J[J[J[J[J[J[J[J[J[J[J[J[J[J[J[J[J[J[J[J[J[J[J[J[J[J[J[J[J[J[J[J[J[J[J[J[J[J[J[J[J[J[J[J[J[J[J[J[J[J[J[J[J[J[J[J[J[J[J[J[J[J[J[J[J[J[J[J[J[J[J[J[J[J[J[J[J[J[J[J[J[J[J[J[J[J[J[J[J[J[J[J[J[J[J[J[J[J[J[J[J[J[J[J[J[J[J[J[J[J[J[J[J[J[J[J[J[J[J[J[J[J[J[J[J[J[J[J[J[J[J[J[J[J[J[J[J[J[J[J[J[J[J[J[J[J[J[J[J[J[J[J[J[J[J[J[J[J[J[J[J[J[J[J[J[J[J[J[J[J[J[J[J[J[J[J[J[J[J[J[J[J[J[J[J[J[J[J[J[J[J[J[J[J[J[J[J[J[J[J[J[J[J[J[J[J[J[J[J[J[J[J[J[J[J[J[J[J[J[J[J[J[J[J[J[J[J[J[J[J[J[J[J[J[J[J[J[J[J[J[J[J[J[J[J[J[J[J[J[J[J[J[J[J[J[J[J[J[J[J[J[J[J[J[J[J[J[J[J[J[J[J[J[J[J[J[J[J[J[J[J[J[J[J[J[J[J[J[J[J[J[J[J[J[J[J[J[J[J[J[J[J[J[J[J[J[J[J[J[J[J[J[J[J[J[J[J[J[J[J[J[J[J[J[J[J[J[J[J[J[J[J[J[J[J[J[J[J[J[J[J[J[J[J[J[J[J[J[J[J[J[J[J[J[J[J[J[J[J[J[J[J[J[J[J[J[J[J[J[J[J[J[J[J[J[J[J[J[J[J[J[J[J[J[J[J[J[J[J[J[J[J[J[J[J[J[J[J[J[J[J[J[J[J[J[J[J[J[J[J[J[J[J[J[J[J[J[J[J[J[J[J[J[J[J[J[J[J[J[J[J[J[J[J[J[J[J[J[J[J[J[J[J[J[J[J[J[J[J[J[J[J[J[J[J[J[J[J[J[J[J[J[J[J[J[J[J[J[J[J[J[J[J[J[J[J[J[J[J[J[J[J[J[J[J[J[J[J[J[J[J[J[J[J[J[J[J[J[J[J[J[J[J[J[J[J[J[J[J[J[J[J[J[J[J[J[J[J[J[J[J[J[J[J[J[J[J[J[J[J[J[J[J[J[J[J[J[J[J[J[J[J[J[J[J[J[J[J[J[J[J[J[J[J[J[J[J[J[J[J[J[J[J[J[J[J[J[J[J[J[J[J[J[J[J[J[J[J[J[J[J[J[J[J[J[J[J[J[J[J[J[J[J[J[J[J[J[J[J[J[J[J[J[J[J[J[J[J[J[J[J[J[J[J[J[J[J[J[J[J[J[J[J[J[J[J[J[J[J[J[J[J[J[J[J[J[J[J[J[J[J[J[J[J[J[J[J[J[J[J[J[J[J[J[J[J[J[J[J[J[J[J[J[J[J[J[J[J[J[J[J[J[J[J[J[J[J[J[J[J[J[J[J[J[J[J[J[J[J[J[J[J[J[J[J[J[J[J[J[J[J[J[J[J[J[J[J[J[J[J[J[J[J[J[J[J[J[J[J[J[J[J[J[J[J[J[J[J[J[J[J[J[J[J[J[J[J[J[J[J[J[J[J[J[J[J[J[J[J[J[J[J[J[J[J[J[J[J[J[J[J[J[J[J[J[J[>4m[=0;1u[A[J[?25h[?2004l# github.com/ansel1/tang/sample/broken
broken/broken.go:7:1: syntax error: unexpected }, expected expression
=== RUN   TestRegister
=== PAUSE TestRegister
=== RUN   TestAuthenticate
=== PAUSE TestAuthenticate
=== RUN   TestValidatePassword
=== PAUSE TestValidatePassword
=== RUN   TestPasswordHashingNotImplemented
    auth_test.go:140: password hashing not yet implemented (tracked in #42)
--- SKIP: TestPasswordHashingNotImplemented (0.00s)
=== RUN   TestRateLimiting
    auth_test.go:145: Simulating rate limit window...
    auth_test.go:151:   attempt 1/8: failed auth (expected)
    auth_test.go:151:   attempt 2/8: failed auth (expected)
    auth_test.go:151:   attempt 3/8: failed auth (expected)
    auth_test.go:151:   attempt 4/8: failed auth (expected)
    auth_test.go:151:   attempt 5/8: failed auth (expected)
    auth_test.go:151:   attempt 6/8: failed auth (expected)
    auth_test.go:151:   attempt 7/8: failed auth (expected)
    auth_test.go:151:   attempt 8/8: failed auth (expected)
    auth_test.go:154: Rate limit window complete, verifying lockout...
    auth_test.go:156: Lockout verification done
--- PASS: TestRateLimiting (3.71s)
=== RUN   TestBruteForceProtection
=== PAUSE TestBruteForceProtection
=== CONT  TestRegister
=== RUN   TestRegister/success
=== CONT  TestValidatePassword
=== PAUSE TestRegister/success
=== RUN   TestRegister/weak_password
=== PAUSE TestRegister/weak_password
=== CONT  TestRegister/success
=== RUN   TestValidatePassword/strong_password
=== PAUSE TestValidatePassword/strong_password
=== RUN   TestValidatePassword/too_short
=== PAUSE TestValidatePassword/too_short
=== RUN   TestValidatePassword/missing_uppercase
=== PAUSE TestValidatePassword/missing_uppercase
=== RUN   TestValidatePassword/missing_digit
=== PAUSE TestValidatePassword/missing_digit
=== RUN   TestValidatePassword/missing_special_FAILS
=== PAUSE TestValidatePassword/missing_special_FAILS
=== CONT  TestValidatePassword/strong_password
=== CONT  TestRegister/weak_password
=== CONT  TestAuthenticate
=== RUN   TestAuthenticate/valid_credentials
=== PAUSE TestAuthenticate/valid_credentials
=== RUN   TestAuthenticate/wrong_password
=== CONT  TestBruteForceProtection
--- PASS: TestRegister (0.00s)
    --- PASS: TestRegister/success (0.00s)
    --- PASS: TestRegister/weak_password (0.00s)
=== CONT  TestValidatePassword/missing_special_FAILS
=== NAME  TestBruteForceProtection
    auth_test.go:163: Starting brute force protection tests...
=== RUN   TestBruteForceProtection/dictionary_attack
=== PAUSE TestBruteForceProtection/dictionary_attack
=== RUN   TestBruteForceProtection/credential_stuffing
=== PAUSE TestBruteForceProtection/credential_stuffing
=== CONT  TestValidatePassword/missing_digit
=== CONT  TestValidatePassword/missing_uppercase
=== CONT  TestValidatePassword/too_short
=== PAUSE TestAuthenticate/wrong_password
=== RUN   TestAuthenticate/unknown_user
=== PAUSE TestAuthenticate/unknown_user
=== RUN   TestBruteForceProtection/timing_analysis
=== PAUSE TestBruteForceProtection/timing_analysis
=== NAME  TestValidatePassword/missing_special_FAILS
    auth_test.go:130: Issues found: [must contain a special character]
    auth_test.go:133: expected 0 issues but got 1: [must contain a special character]
--- FAIL: TestValidatePassword (0.00s)
    --- PASS: TestValidatePassword/strong_password (0.00s)
    --- PASS: TestValidatePassword/missing_digit (0.00s)
    --- PASS: TestValidatePassword/missing_uppercase (0.00s)
    --- PASS: TestValidatePassword/too_short (0.00s)
    --- FAIL: TestValidatePassword/missing_special_FAILS (0.00s)
=== RUN   TestAuthenticate/locked_account
=== PAUSE TestAuthenticate/locked_account
=== CONT  TestAuthenticate/valid_credentials
=== CONT  TestBruteForceProtection/dictionary_attack
=== CONT  TestBruteForceProtection/timing_analysis
=== CONT  TestAuthenticate/unknown_user
=== NAME  TestBruteForceProtection/timing_analysis
    auth_test.go:211:   measuring auth timing for valid vs invalid users...
=== CONT  TestBruteForceProtection/credential_stuffing
=== CONT  TestAuthenticate/wrong_password
=== CONT  TestAuthenticate/locked_account
--- PASS: TestAuthenticate (0.00s)
    --- PASS: TestAuthenticate/valid_credentials (0.00s)
    --- PASS: TestAuthenticate/unknown_user (0.00s)
    --- PASS: TestAuthenticate/wrong_password (0.00s)
    --- PASS: TestAuthenticate/locked_account (0.00s)
=== NAME  TestBruteForceProtection/credential_stuffing
    auth_test.go:201:   stuffing attempt 1/7: alice/leaked1 → blocked
=== NAME  TestBruteForceProtection/dictionary_attack
    auth_test.go:177:   dictionary attempt 1/8: "password" → invalid credentials
=== NAME  TestBruteForceProtection/timing_analysis
    auth_test.go:221:   timing check 1/6: 1.209µs
=== NAME  TestBruteForceProtection/dictionary_attack
    auth_test.go:177:   dictionary attempt 2/8: "123456" → invalid credentials
=== NAME  TestBruteForceProtection/credential_stuffing
    auth_test.go:201:   stuffing attempt 2/7: bob/leaked2 → blocked
=== NAME  TestBruteForceProtection/timing_analysis
    auth_test.go:221:   timing check 2/6: 1.25µs
=== NAME  TestBruteForceProtection/credential_stuffing
    auth_test.go:201:   stuffing attempt 3/7: alice/leaked3 → blocked
=== NAME  TestBruteForceProtection/dictionary_attack
    auth_test.go:177:   dictionary attempt 3/8: "qwerty" → invalid credentials
=== NAME  TestBruteForceProtection/timing_analysis
    auth_test.go:221:   timing check 3/6: 1.25µs
=== NAME  TestBruteForceProtection/dictionary_attack
    auth_test.go:177:   dictionary attempt 4/8: "letmein" → invalid credentials
=== NAME  TestBruteForceProtection/credential_stuffing
    auth_test.go:201:   stuffing attempt 4/7: bob/leaked4 → blocked
=== NAME  TestBruteForceProtection/timing_analysis
    auth_test.go:221:   timing check 4/6: 1µs
=== NAME  TestBruteForceProtection/credential_stuffing
    auth_test.go:201:   stuffing attempt 5/7: alice/leaked5 → blocked
=== NAME  TestBruteForceProtection/dictionary_attack
    auth_test.go:177:   dictionary attempt 5/8: "admin" → invalid credentials
    auth_test.go:177:   dictionary attempt 6/8: "welcome" → invalid credentials
=== NAME  TestBruteForceProtection/credential_stuffing
    auth_test.go:201:   stuffing attempt 6/7: bob/leaked6 → blocked
=== NAME  TestBruteForceProtection/timing_analysis
    auth_test.go:221:   timing check 5/6: 208ns
=== NAME  TestBruteForceProtection/credential_stuffing
    auth_test.go:201:   stuffing attempt 7/7: alice/alicePass1! → SUCCESS
    auth_test.go:203:   credential stuffing simulation complete
=== NAME  TestBruteForceProtection/dictionary_attack
    auth_test.go:177:   dictionary attempt 7/8: "monkey" → invalid credentials
=== NAME  TestBruteForceProtection/timing_analysis
    auth_test.go:221:   timing check 6/6: 1.042µs
    auth_test.go:223:   timing analysis complete
=== NAME  TestBruteForceProtection/dictionary_attack
    auth_test.go:177:   dictionary attempt 8/8: "dragon" → invalid credentials
    auth_test.go:179:   dictionary attack simulation complete
--- PASS: TestBruteForceProtection (0.00s)
    --- PASS: TestBruteForceProtection/credential_stuffing (3.51s)
    --- PASS: TestBruteForceProtection/timing_analysis (3.61s)
    --- PASS: TestBruteForceProtection/dictionary_attack (4.01s)
FAIL
FAIL	github.com/ansel1/tang/sample/auth	8.028s
FAIL	github.com/ansel1/tang/sample/broken [build failed]
?   	github.com/ansel1/tang/sample/models	[no test files]
=== RUN   TestProcessItemsValid
    panicker_test.go:9: processing valid items...
    panicker_test.go:15: valid items processed successfully
--- PASS: TestProcessItemsValid (0.20s)
=== RUN   TestBuildIndexUnique
    panicker_test.go:19: building index with unique keys...
    panicker_test.go:26: unique keys OK
--- PASS: TestBuildIndexUnique (0.20s)
=== RUN   TestSafeRecursion
    panicker_test.go:30: testing safe recursion depth of 5
    panicker_test.go:36: safe depth OK
--- PASS: TestSafeRecursion (0.20s)
=== RUN   TestProcessItemsPanic
    panicker_test.go:40: processing first batch of valid items...
    panicker_test.go:43: first batch OK, now processing batch with empty item...
--- FAIL: TestProcessItemsPanic (0.60s)
panic: empty item at index 1 [recovered, repanicked]

goroutine 9 [running]:
testing.tRunner.func1.2({0x1049cda60, 0x742522f803f0})
	/opt/homebrew/Cellar/go/1.26.1/libexec/src/testing/testing.go:1974 +0x1a0
testing.tRunner.func1()
	/opt/homebrew/Cellar/go/1.26.1/libexec/src/testing/testing.go:1977 +0x318
panic({0x1049cda60?, 0x742522f803f0?})
	/opt/homebrew/Cellar/go/1.26.1/libexec/src/runtime/panic.go:860 +0x12c
github.com/ansel1/tang/sample/panicker.ProcessItems({0x742522fe7ef8?, 0x3, 0x3d?})
	/Users/regan/dev/tang/sample/panicker/panicker.go:12 +0x20c
github.com/ansel1/tang/sample/panicker.TestProcessItemsPanic(0x74252309a6c8)
	/Users/regan/dev/tang/sample/panicker/panicker_test.go:45 +0xf0
testing.tRunner(0x74252309a6c8, 0x1049fff10)
	/opt/homebrew/Cellar/go/1.26.1/libexec/src/testing/testing.go:2036 +0xc4
created by testing.(*T).Run in goroutine 1
	/opt/homebrew/Cellar/go/1.26.1/libexec/src/testing/testing.go:2101 +0x3a8
FAIL	github.com/ansel1/tang/sample/panicker	2.074s
=== RUN   TestAdd
=== PAUSE TestAdd
=== RUN   TestSubtract
=== PAUSE TestSubtract
=== RUN   TestMultiply
=== PAUSE TestMultiply
=== RUN   TestDivide
=== PAUSE TestDivide
=== RUN   TestFibonacci
=== RUN   TestFibonacci/zero
=== PAUSE TestFibonacci/zero
=== RUN   TestFibonacci/one
=== PAUSE TestFibonacci/one
=== RUN   TestFibonacci/small
=== PAUSE TestFibonacci/small
=== RUN   TestFibonacci/medium
=== PAUSE TestFibonacci/medium
=== RUN   TestFibonacci/larger
=== PAUSE TestFibonacci/larger
=== CONT  TestFibonacci/zero
=== CONT  TestFibonacci/larger
=== CONT  TestFibonacci/one
=== CONT  TestFibonacci/small
=== CONT  TestFibonacci/medium
--- PASS: TestFibonacci (0.00s)
    --- PASS: TestFibonacci/zero (0.00s)
    --- PASS: TestFibonacci/larger (0.00s)
    --- PASS: TestFibonacci/one (0.00s)
    --- PASS: TestFibonacci/small (0.00s)
    --- PASS: TestFibonacci/medium (0.00s)
=== RUN   TestIsPrimeSlow
=== PAUSE TestIsPrimeSlow
=== RUN   TestFibonacciSequential
=== RUN   TestFibonacciSequential/fib(0)
    mathutil_test.go:135: Fibonacci(0) = 0
=== RUN   TestFibonacciSequential/fib(1)
    mathutil_test.go:143: Fibonacci(1) = 1
=== RUN   TestFibonacciSequential/fib(2)
    mathutil_test.go:153: Fibonacci(2) = 1 = 0 + 1 ✓
=== RUN   TestFibonacciSequential/fib(3)
    mathutil_test.go:153: Fibonacci(3) = 2 = 1 + 1 ✓
=== RUN   TestFibonacciSequential/fib(4)
    mathutil_test.go:153: Fibonacci(4) = 3 = 1 + 2 ✓
=== RUN   TestFibonacciSequential/fib(5)
    mathutil_test.go:153: Fibonacci(5) = 5 = 2 + 3 ✓
=== RUN   TestFibonacciSequential/fib(6)
    mathutil_test.go:153: Fibonacci(6) = 8 = 3 + 5 ✓
=== RUN   TestFibonacciSequential/fib(7)
    mathutil_test.go:153: Fibonacci(7) = 13 = 5 + 8 ✓
=== RUN   TestFibonacciSequential/fib(8)
    mathutil_test.go:153: Fibonacci(8) = 21 = 8 + 13 ✓
=== RUN   TestFibonacciSequential/fib(9)
    mathutil_test.go:153: Fibonacci(9) = 34 = 13 + 21 ✓
=== RUN   TestFibonacciSequential/fib(10)
    mathutil_test.go:153: Fibonacci(10) = 55 = 21 + 34 ✓
--- PASS: TestFibonacciSequential (0.00s)
    --- PASS: TestFibonacciSequential/fib(0) (0.00s)
    --- PASS: TestFibonacciSequential/fib(1) (0.00s)
    --- PASS: TestFibonacciSequential/fib(2) (0.00s)
    --- PASS: TestFibonacciSequential/fib(3) (0.00s)
    --- PASS: TestFibonacciSequential/fib(4) (0.00s)
    --- PASS: TestFibonacciSequential/fib(5) (0.00s)
    --- PASS: TestFibonacciSequential/fib(6) (0.00s)
    --- PASS: TestFibonacciSequential/fib(7) (0.00s)
    --- PASS: TestFibonacciSequential/fib(8) (0.00s)
    --- PASS: TestFibonacciSequential/fib(9) (0.00s)
    --- PASS: TestFibonacciSequential/fib(10) (0.00s)
=== RUN   TestIsPrime
=== RUN   TestIsPrime/negative
=== PAUSE TestIsPrime/negative
=== RUN   TestIsPrime/zero
=== PAUSE TestIsPrime/zero
=== RUN   TestIsPrime/one
=== PAUSE TestIsPrime/one
=== RUN   TestIsPrime/two
=== PAUSE TestIsPrime/two
=== RUN   TestIsPrime/three
=== PAUSE TestIsPrime/three
=== RUN   TestIsPrime/four
=== PAUSE TestIsPrime/four
=== RUN   TestIsPrime/large_prime
=== PAUSE TestIsPrime/large_prime
=== RUN   TestIsPrime/large_composite
=== PAUSE TestIsPrime/large_composite
=== CONT  TestIsPrime/negative
=== CONT  TestIsPrime/two
=== CONT  TestIsPrime/one
=== CONT  TestIsPrime/zero
=== CONT  TestIsPrime/large_composite
=== CONT  TestIsPrime/large_prime
=== CONT  TestIsPrime/four
=== CONT  TestIsPrime/three
--- PASS: TestIsPrime (0.00s)
    --- PASS: TestIsPrime/negative (0.00s)
    --- PASS: TestIsPrime/two (0.00s)
    --- PASS: TestIsPrime/one (0.00s)
    --- PASS: TestIsPrime/zero (0.00s)
    --- PASS: TestIsPrime/large_composite (0.00s)
    --- PASS: TestIsPrime/large_prime (0.00s)
    --- PASS: TestIsPrime/four (0.00s)
    --- PASS: TestIsPrime/three (0.00s)
=== CONT  TestAdd
--- PASS: TestAdd (0.00s)
=== CONT  TestMultiply
--- PASS: TestMultiply (0.00s)
=== CONT  TestSubtract
--- PASS: TestSubtract (0.00s)
=== CONT  TestIsPrimeSlow
    mathutil_test.go:81: Starting slow prime checks...
=== RUN   TestIsPrimeSlow/small_primes
=== PAUSE TestIsPrimeSlow/small_primes
=== RUN   TestIsPrimeSlow/large_primes
=== CONT  TestDivide
=== RUN   TestDivide/basic
=== PAUSE TestIsPrimeSlow/large_primes
=== PAUSE TestDivide/basic
=== RUN   TestDivide/integer_truncation
=== PAUSE TestDivide/integer_truncation
=== RUN   TestDivide/negative
=== PAUSE TestDivide/negative
=== CONT  TestDivide/basic
=== CONT  TestDivide/negative
=== CONT  TestDivide/integer_truncation
=== RUN   TestIsPrimeSlow/composites
--- PASS: TestDivide (0.00s)
    --- PASS: TestDivide/basic (0.00s)
    --- PASS: TestDivide/negative (0.00s)
    --- PASS: TestDivide/integer_truncation (0.00s)
=== PAUSE TestIsPrimeSlow/composites
=== CONT  TestIsPrimeSlow/small_primes
=== CONT  TestIsPrimeSlow/composites
    mathutil_test.go:114:   verifying 4 is composite...
=== NAME  TestIsPrimeSlow/small_primes
    mathutil_test.go:87:   checking 2...
=== CONT  TestIsPrimeSlow/large_primes
    mathutil_test.go:101:   verifying 97 is prime...
=== NAME  TestIsPrimeSlow/composites
    mathutil_test.go:114:   verifying 6 is composite...
=== NAME  TestIsPrimeSlow/small_primes
    mathutil_test.go:87:   checking 3...
=== NAME  TestIsPrimeSlow/large_primes
    mathutil_test.go:101:   verifying 101 is prime...
=== NAME  TestIsPrimeSlow/composites
    mathutil_test.go:114:   verifying 8 is composite...
=== NAME  TestIsPrimeSlow/small_primes
    mathutil_test.go:87:   checking 5...
=== NAME  TestIsPrimeSlow/large_primes
    mathutil_test.go:101:   verifying 103 is prime...
=== NAME  TestIsPrimeSlow/composites
    mathutil_test.go:114:   verifying 9 is composite...
=== NAME  TestIsPrimeSlow/small_primes
    mathutil_test.go:87:   checking 7...
=== NAME  TestIsPrimeSlow/composites
    mathutil_test.go:114:   verifying 10 is composite...
=== NAME  TestIsPrimeSlow/large_primes
    mathutil_test.go:101:   verifying 107 is prime...
=== NAME  TestIsPrimeSlow/small_primes
    mathutil_test.go:87:   checking 11...
=== NAME  TestIsPrimeSlow/composites
    mathutil_test.go:114:   verifying 12 is composite...
    mathutil_test.go:114:   verifying 15 is composite...
=== NAME  TestIsPrimeSlow/large_primes
    mathutil_test.go:101:   verifying 109 is prime...
=== NAME  TestIsPrimeSlow/small_primes
    mathutil_test.go:87:   checking 13...
=== NAME  TestIsPrimeSlow/composites
    mathutil_test.go:120:   composites complete
=== NAME  TestIsPrimeSlow/small_primes
    mathutil_test.go:94:   small primes complete
=== NAME  TestIsPrimeSlow/large_primes
    mathutil_test.go:101:   verifying 113 is prime...
    mathutil_test.go:107:   large primes complete
--- PASS: TestIsPrimeSlow (0.00s)
    --- PASS: TestIsPrimeSlow/composites (2.81s)
    --- PASS: TestIsPrimeSlow/small_primes (3.00s)
    --- PASS: TestIsPrimeSlow/large_primes (3.61s)
PASS
ok  	github.com/ansel1/tang/sample/mathutil	4.195s
=== RUN   TestNew
=== PAUSE TestNew
=== RUN   TestSetAndGet
=== PAUSE TestSetAndGet
=== RUN   TestExpiration
    cache_test.go:57: Creating cache with 1.5s TTL
    cache_test.go:64: Verifying all keys exist before expiration...
    cache_test.go:69:   key-a: present
    cache_test.go:69:   key-b: present
    cache_test.go:69:   key-c: present
    cache_test.go:73: Waiting for TTL to expire...
    cache_test.go:76: Verifying all keys have expired...
    cache_test.go:81:   key-a: expired
    cache_test.go:81:   key-b: expired
    cache_test.go:81:   key-c: expired
    cache_test.go:84: Expiration test complete
--- PASS: TestExpiration (3.01s)
=== RUN   TestPurge
    cache_test.go:89: Setting up cache for purge test
    cache_test.go:94:   stored key0
    cache_test.go:94:   stored key1
    cache_test.go:94:   stored key2
    cache_test.go:94:   stored key3
    cache_test.go:94:   stored key4
    cache_test.go:94:   stored key5
    cache_test.go:94:   stored key6
    cache_test.go:94:   stored key7
    cache_test.go:97: Cache has 8 items
    cache_test.go:99: Waiting for oldest entries to expire...
    cache_test.go:103: Purged 8 expired entries, 0 remaining
--- PASS: TestPurge (2.21s)
=== RUN   TestConcurrentAccess
=== PAUSE TestConcurrentAccess
=== RUN   TestCacheWarming
    cache_test.go:204: Warming cache from simulated data source...
    cache_test.go:213:   loaded users (1/8 sources, 10 total entries)
    cache_test.go:213:   loaded products (2/8 sources, 20 total entries)
    cache_test.go:213:   loaded orders (3/8 sources, 30 total entries)
    cache_test.go:213:   loaded sessions (4/8 sources, 40 total entries)
    cache_test.go:213:   loaded config (5/8 sources, 50 total entries)
    cache_test.go:213:   loaded permissions (6/8 sources, 60 total entries)
    cache_test.go:213:   loaded templates (7/8 sources, 70 total entries)
    cache_test.go:213:   loaded analytics (8/8 sources, 80 total entries)
    cache_test.go:215: Cache warming complete: 80 entries loaded
--- PASS: TestCacheWarming (5.61s)
=== CONT  TestNew
=== CONT  TestConcurrentAccess
    cache_test.go:114: Starting concurrent access tests...
=== RUN   TestConcurrentAccess/writers_only
=== PAUSE TestConcurrentAccess/writers_only
=== RUN   TestConcurrentAccess/readers_only
=== PAUSE TestConcurrentAccess/readers_only
=== RUN   TestConcurrentAccess/mixed_read_write
=== PAUSE TestConcurrentAccess/mixed_read_write
=== CONT  TestConcurrentAccess/writers_only
=== CONT  TestConcurrentAccess/mixed_read_write
=== CONT  TestSetAndGet
=== RUN   TestSetAndGet/store_and_retrieve
=== CONT  TestConcurrentAccess/readers_only
=== PAUSE TestSetAndGet/store_and_retrieve
=== RUN   TestSetAndGet/missing_key
=== PAUSE TestSetAndGet/missing_key
=== RUN   TestSetAndGet/overwrite
=== PAUSE TestSetAndGet/overwrite
=== CONT  TestSetAndGet/store_and_retrieve
=== CONT  TestSetAndGet/overwrite
=== CONT  TestSetAndGet/missing_key
--- PASS: TestNew (0.00s)
--- PASS: TestSetAndGet (0.00s)
    --- PASS: TestSetAndGet/store_and_retrieve (0.00s)
    --- PASS: TestSetAndGet/missing_key (0.00s)
    --- PASS: TestSetAndGet/overwrite (0.00s)
=== NAME  TestConcurrentAccess/mixed_read_write
    cache_test.go:198:   mixed test complete, cache has 250 entries
=== NAME  TestConcurrentAccess/writers_only
    cache_test.go:133:   writers complete, cache has 250 entries
=== NAME  TestConcurrentAccess/readers_only
    cache_test.go:157:   readers complete
--- PASS: TestConcurrentAccess (0.00s)
    --- PASS: TestConcurrentAccess/mixed_read_write (0.52s)
    --- PASS: TestConcurrentAccess/writers_only (0.52s)
    --- PASS: TestConcurrentAccess/readers_only (0.54s)
PASS
ok  	github.com/ansel1/tang/sample/cache	12.516s
=== RUN   TestRequired
=== PAUSE TestRequired
=== RUN   TestMinLength
=== PAUSE TestMinLength
=== RUN   TestMaxLength
=== PAUSE TestMaxLength
=== RUN   TestMatchesPattern
=== PAUSE TestMatchesPattern
=== RUN   TestValidate
=== PAUSE TestValidate
=== RUN   TestSlowValidation
    validator_test.go:192: Running validation pipeline with simulated I/O delays...
    validator_test.go:215:   [1/10] validate("alice@example.com"): PASS (0 errors)
    validator_test.go:215:   [2/10] validate("bob"): FAIL (1 errors)
    validator_test.go:215:   [3/10] validate(""): FAIL (3 errors)
    validator_test.go:215:   [4/10] validate("valid@test.org"): PASS (0 errors)
    validator_test.go:215:   [5/10] validate("x"): FAIL (2 errors)
    validator_test.go:215:   [6/10] validate("admin@internal.corp"): PASS (0 errors)
    validator_test.go:215:   [7/10] validate("not-valid"): FAIL (1 errors)
    validator_test.go:215:   [8/10] validate("user123@domain.io"): PASS (0 errors)
    validator_test.go:215:   [9/10] validate("test"): FAIL (1 errors)
    validator_test.go:215:   [10/10] validate("support@company.com"): PASS (0 errors)
    validator_test.go:217: Validation pipeline complete
--- PASS: TestSlowValidation (10.01s)
=== RUN   TestFormValidation
=== PAUSE TestFormValidation
=== RUN   TestSkippedDatabaseValidation
    validator_test.go:304: requires database connection
--- SKIP: TestSkippedDatabaseValidation (0.00s)
=== CONT  TestRequired
=== CONT  TestMatchesPattern
=== RUN   TestRequired/valid
=== RUN   TestMatchesPattern/email
=== PAUSE TestRequired/valid
=== RUN   TestRequired/empty
=== PAUSE TestRequired/empty
=== PAUSE TestMatchesPattern/email
=== RUN   TestRequired/whitespace_only
=== RUN   TestMatchesPattern/phone
=== PAUSE TestRequired/whitespace_only
=== CONT  TestRequired/valid
=== CONT  TestValidate
=== CONT  TestMinLength
=== RUN   TestMinLength/valid
=== RUN   TestValidate/all_pass
=== CONT  TestRequired/empty
=== PAUSE TestMinLength/valid
=== RUN   TestMinLength/too_short
=== PAUSE TestMinLength/too_short
=== RUN   TestMinLength/exact
=== PAUSE TestMinLength/exact
=== CONT  TestMinLength/valid
=== CONT  TestFormValidation
=== CONT  TestMaxLength
=== NAME  TestFormValidation
    validator_test.go:224: Validating form submissions...
=== RUN   TestMaxLength/valid
=== RUN   TestFormValidation/user_registration
=== PAUSE TestFormValidation/user_registration
=== RUN   TestFormValidation/contact_form
=== PAUSE TestFormValidation/contact_form
=== RUN   TestFormValidation/settings_form
=== PAUSE TestMaxLength/valid
=== PAUSE TestFormValidation/settings_form
=== CONT  TestFormValidation/user_registration
=== CONT  TestMinLength/exact
=== CONT  TestMinLength/too_short
--- PASS: TestMinLength (0.00s)
    --- PASS: TestMinLength/valid (0.00s)
    --- PASS: TestMinLength/exact (0.00s)
    --- PASS: TestMinLength/too_short (0.00s)
=== RUN   TestMaxLength/too_long
=== PAUSE TestMatchesPattern/phone
=== CONT  TestFormValidation/settings_form
=== RUN   TestMatchesPattern/url
=== PAUSE TestValidate/all_pass
=== PAUSE TestMatchesPattern/url
=== CONT  TestMatchesPattern/email
=== CONT  TestMatchesPattern/url
=== CONT  TestMatchesPattern/phone
=== RUN   TestMatchesPattern/url/valid_https
=== PAUSE TestMatchesPattern/url/valid_https
=== RUN   TestMatchesPattern/url/valid_http
=== PAUSE TestMatchesPattern/url/valid_http
=== RUN   TestMatchesPattern/email/valid
=== RUN   TestValidate/multiple_failures
=== PAUSE TestValidate/multiple_failures
=== CONT  TestFormValidation/contact_form
=== RUN   TestMatchesPattern/url/missing_scheme
=== PAUSE TestMatchesPattern/url/missing_scheme
=== CONT  TestMatchesPattern/url/valid_https
=== PAUSE TestMaxLength/too_long
=== CONT  TestMaxLength/valid
=== PAUSE TestMatchesPattern/email/valid
=== CONT  TestMatchesPattern/url/valid_http
=== CONT  TestMaxLength/too_long
=== RUN   TestValidate/partial_failure
=== CONT  TestRequired/whitespace_only
=== CONT  TestMatchesPattern/url/missing_scheme
=== RUN   TestMatchesPattern/phone/valid_US
=== PAUSE TestMatchesPattern/phone/valid_US
=== RUN   TestMatchesPattern/phone/too_short
=== RUN   TestMatchesPattern/email/invalid
=== PAUSE TestMatchesPattern/email/invalid
--- PASS: TestMaxLength (0.00s)
    --- PASS: TestMaxLength/valid (0.00s)
    --- PASS: TestMaxLength/too_long (0.00s)
--- PASS: TestRequired (0.00s)
    --- PASS: TestRequired/valid (0.00s)
    --- PASS: TestRequired/empty (0.00s)
    --- PASS: TestRequired/whitespace_only (0.00s)
=== PAUSE TestValidate/partial_failure
=== CONT  TestValidate/all_pass
=== CONT  TestValidate/partial_failure
=== CONT  TestValidate/multiple_failures
=== RUN   TestMatchesPattern/email/missing_domain
=== PAUSE TestMatchesPattern/phone/too_short
=== NAME  TestValidate/multiple_failures
    validator_test.go:177: Validation errors (expected): [value is required must be at least 5 characters, got 0]
--- PASS: TestValidate (0.00s)
    --- PASS: TestValidate/all_pass (0.00s)
    --- PASS: TestValidate/partial_failure (0.00s)
    --- PASS: TestValidate/multiple_failures (0.00s)
=== RUN   TestMatchesPattern/phone/letters
=== PAUSE TestMatchesPattern/email/missing_domain
=== CONT  TestMatchesPattern/email/valid
=== CONT  TestMatchesPattern/email/invalid
=== PAUSE TestMatchesPattern/phone/letters
=== CONT  TestMatchesPattern/phone/letters
=== CONT  TestMatchesPattern/phone/valid_US
=== CONT  TestMatchesPattern/phone/too_short
=== CONT  TestMatchesPattern/email/missing_domain
--- PASS: TestMatchesPattern (0.00s)
    --- PASS: TestMatchesPattern/url (0.00s)
        --- PASS: TestMatchesPattern/url/valid_https (0.00s)
        --- PASS: TestMatchesPattern/url/valid_http (0.00s)
        --- PASS: TestMatchesPattern/url/missing_scheme (0.00s)
    --- PASS: TestMatchesPattern/phone (0.00s)
        --- PASS: TestMatchesPattern/phone/letters (0.00s)
        --- PASS: TestMatchesPattern/phone/valid_US (0.00s)
        --- PASS: TestMatchesPattern/phone/too_short (0.00s)
    --- PASS: TestMatchesPattern/email (0.00s)
        --- PASS: TestMatchesPattern/email/valid (0.00s)
        --- PASS: TestMatchesPattern/email/invalid (0.00s)
        --- PASS: TestMatchesPattern/email/missing_domain (0.00s)
=== NAME  TestFormValidation/contact_form
    validator_test.go:267:   name = "" → 2 errors (expected 2)
=== NAME  TestFormValidation/settings_form
    validator_test.go:293:   display_name = "Alice" → 0 errors
=== NAME  TestFormValidation/user_registration
    validator_test.go:241:   name = "Alice Smith" → 0 errors
    validator_test.go:241:   bio = "Go developer" → 0 errors
=== NAME  TestFormValidation/settings_form
    validator_test.go:293:   timezone = "America/New_York" → 0 errors
=== NAME  TestFormValidation/contact_form
    validator_test.go:267:   email = "not-email" → 1 errors (expected 1)
    validator_test.go:267:   subject = "Hi" → 1 errors (expected 1)
=== NAME  TestFormValidation/user_registration
    validator_test.go:241:   username = "alice" → 0 errors
=== NAME  TestFormValidation/settings_form
    validator_test.go:293:   language = "en" → 0 errors
    validator_test.go:293:   theme = "dark" → 0 errors
=== NAME  TestFormValidation/user_registration
    validator_test.go:241:   email = "alice@example.com" → 0 errors
=== NAME  TestFormValidation/contact_form
    validator_test.go:267:   message = "Help me with my account please" → 0 errors (expected 0)
=== NAME  TestFormValidation/user_registration
    validator_test.go:241:   password = "SecureP4ss!" → 0 errors
=== NAME  TestFormValidation/contact_form
    validator_test.go:267:   phone = "+12025551234" → 0 errors (expected 0)
    validator_test.go:272:   contact form: validation results match expectations
=== NAME  TestFormValidation/user_registration
    validator_test.go:246:   user registration form: all fields valid
=== NAME  TestFormValidation/settings_form
    validator_test.go:293:   page_size = "25" → 0 errors
    validator_test.go:293:   notification_email = "alice@example.com" → 0 errors
    validator_test.go:298:   settings form: all settings valid
--- PASS: TestFormValidation (0.00s)
    --- PASS: TestFormValidation/contact_form (5.00s)
    --- PASS: TestFormValidation/user_registration (5.00s)
    --- PASS: TestFormValidation/settings_form (6.01s)
PASS
ok  	github.com/ansel1/tang/sample/validator	17.450s
=== RUN   TestReverse
=== PAUSE TestReverse
=== RUN   TestPalindromeStress
=== PAUSE TestPalindromeStress
=== RUN   TestPalindrome
=== PAUSE TestPalindrome
=== RUN   TestWordCount
=== PAUSE TestWordCount
=== RUN   TestTruncate
=== PAUSE TestTruncate
=== RUN   TestSlowReverse
    stringutil_test.go:163:   reversing word 1/7: "apple"...
    stringutil_test.go:163:   reversing word 2/7: "banana"...
    stringutil_test.go:163:   reversing word 3/7: "cherry"...
    stringutil_test.go:163:   reversing word 4/7: "dragonfruit"...
    stringutil_test.go:163:   reversing word 5/7: "elderberry"...
    stringutil_test.go:163:   reversing word 6/7: "fig"...
    stringutil_test.go:163:   reversing word 7/7: "guava"...
    stringutil_test.go:171: All reversals verified
--- PASS: TestSlowReverse (5.61s)
=== RUN   TestReverseBatch
=== PAUSE TestReverseBatch
=== RUN   TestSkippedFeature
    stringutil_test.go:228: Skipping: regex support not yet implemented
--- SKIP: TestSkippedFeature (0.00s)
=== RUN   TestConditionalSkip
    stringutil_test.go:233: Skipping: requires external service
--- SKIP: TestConditionalSkip (0.00s)
=== RUN   TestWordCountSlow
    stringutil_test.go:238: Counting words in sample paragraphs...
    stringutil_test.go:250:   paragraph 1: 9 words — "The quick brown fox jumps over..."
    stringutil_test.go:250:   paragraph 2: 7 words — "Go is an open source programmi..."
    stringutil_test.go:250:   paragraph 3: 8 words — "Testing is a crucial part of s..."
    stringutil_test.go:250:   paragraph 4: 7 words — "Tang provides a better test ru..."
    stringutil_test.go:250:   paragraph 5: 8 words — "Concurrency is not parallelism..."
    stringutil_test.go:250:   paragraph 6: 5 words — "Simplicity is the ultimate sop..."
--- PASS: TestWordCountSlow (4.21s)
=== CONT  TestReverse
=== RUN   TestReverse/simple
=== PAUSE TestReverse/simple
=== RUN   TestReverse/empty
=== CONT  TestWordCount
    stringutil_test.go:104: Testing word count with various inputs
--- PASS: TestWordCount (0.00s)
=== CONT  TestPalindromeStress
=== CONT  TestPalindrome
=== NAME  TestPalindromeStress
    stringutil_test.go:49: Running palindrome stress tests with simulated I/O...
=== RUN   TestPalindromeStress/known_palindromes
=== RUN   TestPalindrome/racecar
=== PAUSE TestReverse/empty
=== CONT  TestReverseBatch
=== CONT  TestTruncate
=== RUN   TestTruncate/no_truncation
=== PAUSE TestPalindromeStress/known_palindromes
=== PAUSE TestTruncate/no_truncation
=== RUN   TestPalindromeStress/non_palindromes
=== NAME  TestReverseBatch
    stringutil_test.go:178: Starting batch reverse tests...
=== RUN   TestTruncate/exact_length
=== PAUSE TestPalindromeStress/non_palindromes
=== PAUSE TestTruncate/exact_length
=== RUN   TestReverseBatch/short_words
=== PAUSE TestReverseBatch/short_words
=== PAUSE TestPalindrome/racecar
=== RUN   TestPalindrome/hello
=== CONT  TestPalindromeStress/known_palindromes
=== PAUSE TestPalindrome/hello
=== RUN   TestPalindrome/mixed_case
=== CONT  TestPalindromeStress/non_palindromes
=== RUN   TestReverse/unicode
=== PAUSE TestReverse/unicode
=== RUN   TestReverseBatch/long_words
=== PAUSE TestReverseBatch/long_words
=== RUN   TestReverse/single_char
=== PAUSE TestReverse/single_char
=== CONT  TestReverse/simple
=== CONT  TestReverse/unicode
=== CONT  TestReverse/empty
=== RUN   TestReverseBatch/sentences
=== PAUSE TestReverseBatch/sentences
=== CONT  TestReverseBatch/short_words
=== CONT  TestReverse/single_char
=== CONT  TestReverseBatch/sentences
=== RUN   TestTruncate/truncated
=== PAUSE TestTruncate/truncated
=== RUN   TestTruncate/very_short_max
=== PAUSE TestTruncate/very_short_max
=== CONT  TestTruncate/no_truncation
=== PAUSE TestPalindrome/mixed_case
=== CONT  TestReverseBatch/long_words
--- PASS: TestReverse (0.00s)
    --- PASS: TestReverse/simple (0.00s)
    --- PASS: TestReverse/unicode (0.00s)
    --- PASS: TestReverse/empty (0.00s)
    --- PASS: TestReverse/single_char (0.00s)
=== CONT  TestTruncate/very_short_max
=== CONT  TestTruncate/truncated
=== CONT  TestTruncate/exact_length
--- PASS: TestTruncate (0.00s)
    --- PASS: TestTruncate/no_truncation (0.00s)
    --- PASS: TestTruncate/very_short_max (0.00s)
    --- PASS: TestTruncate/truncated (0.00s)
    --- PASS: TestTruncate/exact_length (0.00s)
=== RUN   TestPalindrome/single_char
=== PAUSE TestPalindrome/single_char
=== RUN   TestPalindrome/empty
=== PAUSE TestPalindrome/empty
=== CONT  TestPalindrome/racecar
=== CONT  TestPalindrome/empty
=== CONT  TestPalindrome/mixed_case
=== CONT  TestPalindrome/hello
=== CONT  TestPalindrome/single_char
--- PASS: TestPalindrome (0.00s)
    --- PASS: TestPalindrome/racecar (0.00s)
    --- PASS: TestPalindrome/empty (0.00s)
    --- PASS: TestPalindrome/mixed_case (0.00s)
    --- PASS: TestPalindrome/hello (0.00s)
    --- PASS: TestPalindrome/single_char (0.00s)
=== NAME  TestPalindromeStress/non_palindromes
    stringutil_test.go:69:   checking "hello"...
=== NAME  TestPalindromeStress/known_palindromes
    stringutil_test.go:56:   checking "racecar"...
=== NAME  TestReverseBatch/short_words
    stringutil_test.go:189:   verified "go"
=== NAME  TestReverseBatch/long_words
    stringutil_test.go:202:   verified "extraordinary" (13 chars)
=== NAME  TestReverseBatch/sentences
    stringutil_test.go:217:   "the quick brown fox" -> "xof nworb kciuq eht"
=== NAME  TestPalindromeStress/non_palindromes
    stringutil_test.go:69:   checking "world"...
=== NAME  TestReverseBatch/short_words
    stringutil_test.go:189:   verified "is"
=== NAME  TestPalindromeStress/known_palindromes
    stringutil_test.go:56:   checking "madam"...
=== NAME  TestReverseBatch/long_words
    stringutil_test.go:202:   verified "consciousness" (13 chars)
=== NAME  TestPalindromeStress/known_palindromes
    stringutil_test.go:56:   checking "level"...
=== NAME  TestPalindromeStress/non_palindromes
    stringutil_test.go:69:   checking "golang"...
=== NAME  TestReverseBatch/short_words
    stringutil_test.go:189:   verified "fun"
=== NAME  TestReverseBatch/sentences
    stringutil_test.go:217:   "jumps over the lazy dog" -> "god yzal eht revo spmuj"
=== NAME  TestPalindromeStress/non_palindromes
    stringutil_test.go:69:   checking "testing"...
=== NAME  TestPalindromeStress/known_palindromes
    stringutil_test.go:56:   checking "rotor"...
=== NAME  TestReverseBatch/short_words
    stringutil_test.go:189:   verified "and"
=== NAME  TestReverseBatch/long_words
    stringutil_test.go:202:   verified "Mediterranean" (13 chars)
=== NAME  TestReverseBatch/sentences
    stringutil_test.go:217:   "hello world from go" -> "og morf dlrow olleh"
=== NAME  TestPalindromeStress/non_palindromes
    stringutil_test.go:69:   checking "sample"...
=== NAME  TestPalindromeStress/known_palindromes
    stringutil_test.go:56:   checking "civic"...
=== NAME  TestReverseBatch/short_words
    stringutil_test.go:189:   verified "fast"
=== NAME  TestReverseBatch/long_words
    stringutil_test.go:202:   verified "approximately" (13 chars)
=== NAME  TestReverseBatch/short_words
    stringutil_test.go:189:   verified "cool"
=== NAME  TestPalindromeStress/known_palindromes
    stringutil_test.go:56:   checking "kayak"...
=== NAME  TestPalindromeStress/non_palindromes
    stringutil_test.go:69:   checking "runner"...
    stringutil_test.go:74:   non-palindromes verified
=== NAME  TestReverseBatch/sentences
    stringutil_test.go:217:   "testing is important" -> "tnatropmi si gnitset"
=== NAME  TestReverseBatch/long_words
    stringutil_test.go:202:   verified "communication" (13 chars)
--- PASS: TestReverseBatch (0.00s)
    --- PASS: TestReverseBatch/short_words (3.00s)
    --- PASS: TestReverseBatch/sentences (3.20s)
    --- PASS: TestReverseBatch/long_words (3.50s)
=== NAME  TestPalindromeStress/known_palindromes
    stringutil_test.go:56:   checking "refer"...
    stringutil_test.go:61:   palindromes verified
--- PASS: TestPalindromeStress (0.00s)
    --- PASS: TestPalindromeStress/non_palindromes (3.00s)
    --- PASS: TestPalindromeStress/known_palindromes (3.50s)
PASS
ok  	github.com/ansel1/tang/sample/stringutil	15.036s

=== github.com/ansel1/tang/sample/broken
  [31m# github.com/ansel1/tang/sample/broken[0m[m
  [31mbroken/broken.go:7:1: syntax error: unexpected }, expected expression[0m[m

=== github.com/ansel1/tang/sample/auth
  --- [1;31mFAIL[m: [31mTestValidatePassword[m [90m(0.00s)[m
    --- [1;31mFAIL[m: [31mTestValidatePassword/missing_special_FAILS[m [90m(0.00s)[m
        auth_test.go:130: Issues found: [must contain a special character][0m
        auth_test.go:133: expected 0 issues but got 1: [must contain a special character][0m

=== github.com/ansel1/tang/sample/panicker
  --- [1;31mFAIL[m: [31mTestProcessItemsPanic[m [90m(0.60s)[m
      panicker_test.go:40: processing first batch of valid items...[0m
      panicker_test.go:43: first batch OK, now processing batch with empty item...[0m
      panic: empty item at index 1 [recovered, repanicked][0m
      [0m
      goroutine 9 [running]:[0m
      testing.tRunner.func1.2({0x1049cda60, 0x742522f803f0})[0m
      /opt/homebrew/Cellar/go/1.26.1/libexec/src/testing/testing.go:1974 +0x1a0[0m
      testing.tRunner.func1()[0m
      /opt/homebrew/Cellar/go/1.26.1/libexec/src/testing/testing.go:1977 +0x318[0m
      panic({0x1049cda60?, 0x742522f803f0?})[0m
      /opt/homebrew/Cellar/go/1.26.1/libexec/src/runtime/panic.go:860 +0x12c[0m
      github.com/ansel1/tang/sample/panicker.ProcessItems({0x742522fe7ef8?, 0x3, 0x3d?})[0m
      /Users/regan/dev/tang/sample/panicker/panicker.go:12 +0x20c[0m
      github.com/ansel1/tang/sample/panicker.TestProcessItemsPanic(0x74252309a6c8)[0m
      /Users/regan/dev/tang/sample/panicker/panicker_test.go:45 +0xf0[0m
      testing.tRunner(0x74252309a6c8, 0x1049fff10)[0m
      /opt/homebrew/Cellar/go/1.26.1/libexec/src/testing/testing.go:2036 +0xc4[0m
      created by testing.(*T).Run in goroutine 1[0m
      /opt/homebrew/Cellar/go/1.26.1/libexec/src/testing/testing.go:2101 +0x3a8[0m

[1;31mFAIL[m    [31mgithub.com/ansel1/tang/sample/auth 8.028s           [m  [32m✓ 17[m [31m✗2[m [33m∅1[m = 20   8.029s
[1;31mFAIL[m    [31mgithub.com/ansel1/tang/sample/broken [build failed] [m                 
[1;32mok  [m    [32mgithub.com/ansel1/tang/sample/cache 12.516s         [m  [32m✓ 12[m ✗0 ∅0 = 12  12.516s
[1;32mok  [m    [32mgithub.com/ansel1/tang/sample/mathutil 4.195s       [m  [32m✓ 38[m ✗0 ∅0 = 38   4.195s
[1;33m?   [m    [33mgithub.com/ansel1/tang/sample/models [no test files][m                 
[1;31mFAIL[m    [31mgithub.com/ansel1/tang/sample/panicker 2.074s       [m  [32m✓  3[m [31m✗1[m ∅0 =  4   2.073s
[1;32mok  [m    [32mgithub.com/ansel1/tang/sample/stringutil 15.036s    [m  [32m✓ 26[m ✗0 [33m∅2[m = 28  15.036s
[1;32mok  [m    [32mgithub.com/ansel1/tang/sample/validator 17.450s     [m  [32m✓ 33[m ✗0 [33m∅1[m = 34   17.45s
--------------------------------------------------------------------------------------
(8 packages)                                                  [32m✓129[m [31m✗3[m [33m∅4[m =136   17.45s

