[?2026$p[?2027$p[?25l[?2004h[>4;2m[=1;1u[?u[J[J[J[J[J[J[J[J[J[J[J[J[J[J[J[J[J[J[J[J[J[J[J[J[J[J[J[J[J[J[J[J[J[J[J[J[J[J[J[J[J[J[J[J[J[J[J[J[J[J[J[J[J[J[J[J[J[J[J[J[J[J[J[J[J[J[J[J[J[J[J[J[J[J[J[J[J[J[J[J[J[J[J[J[J[J[J[J[J[J[J[J[J[J[J[J[J[J[J[J[J[J[J[J[J[J[J[J[J[J[J[J[J[J[J[J[J[J[J[J[J[J[J[J[J[J[J[J[J[J[J[J[J[J[J[J[J[J[J[J[J[J[J[J[J[J[J[J[J[J[J[J[J[J[J[J[J[J[J[J[J[J[J[J[J[J[J[J[J[J[J[J[J[J[J[J[J[J[J[J[J[J[J[J[J[J[J[J[J[J[J[J[J[J[J[J[J[J[J[J[J[J[J[J[J[J[J[J[J[J[J[J[J[J[J[J[J[J[J[J[J[J[J[J[J[J[J[J[J[J[J[J[J[J[J[J[J[J[J[J[J[J[J[J[J[J[J[J[J[J[J[J[J[J[J[J[J[J[J[J[J[J[J[J[J[J[J[J[J[J[J[J[J[J[J[J[J[J[J[J[J[J[J[J[J[J[J[J[J[J[J[J[J[J[J[J[J[J[J[J[J[J[J[J[J[J[J[J[J[J[J[J[J[J[J[J[J[J[J[J[J[J[J[J[J[J[J[J[J[J[J[J[J[J[J[J[J[J[J[J[J[J[J[J[J[J[J[J[J[J[J[J[J[J[J[J[J[J[J[J[J[J[J[J[J[J[J[J[J[J[J[J[J[J[J[J[J[J[J[J[J[J[J[J[J[J[J[J[J[J[J[J[J[J[J[J[J[J[J[J[J[J[J[J[J[J[J[J[J[J[J[J[J[J[J[J[J[J[J[J[J[J[J[J[J[J[J[J[J[J[J[J[J[J[J[J[J[J[J[J[J[J[J[J[J[J[J[J[J[J[J[J[J[J[J[J[J[J[J[J[J[J[J[J[J[J[J[J[J[J[J[J[J[J[J[J[J[J[J[J[J[J[J[J[J[J[J[J[J[J[J[J[J[J[J[J[J[J[J[J[J[J[J[J[J[J[J[J[J[J[J[J[J[J[J[J[J[J[J[J[J[J[J[J[J[J[J[J[J[J[J[J[J[J[J[J[J[J[J[J[J[J[J[J[J[J[J[J[J[J[J[J[J[J[J[J[J[J[J[J[J[J[J[J[J[J[J[J[J[J[J[J[J[J[J[J[J[J[J[J[J[J[J[J[J[J[J[J[J[J[J[J[J[J[J[J[J[J[J[J[J[J[J[J[J[J[J[J[J[J[J[J[J[J[J[J[J[J[J[J[J[J[J[J[J[J[J[J[J[J[J[J[J[J[J[J[J[J[J[J[J[J[J[J[J[J[J[J[J[J[J[J[J[J[J[J[J[J[J[J[J[J[J[J[J[J[J[J[J[J[J[J[J[J[J[J[J[J[J[J[J[J[J[J[J[J[J[J[J[J[J[J[J[J[J[J[J[J[J[J[J[J[J[J[J[J[J[J[J[J[J[J[J[J[J[J[J[J[J[J[J[J[J[J[J[J[J[J[J[J[J[J[J[J[J[J[J[J[J[J[J[J[J[J[J[J[J[J[J[J[J[J[J[J[J[J[J[J[J[J[J[J[J[J[J[J[J[J[J[J[J[J[J[J[J[J[J[J[J[J[J[J[J[J[J[J[J[J[J[J[J[J[J[J[J[J[J[J[J[J[J[J[J[J[J[J[J[J[J[J[J[J[J[J[J[J[J[J[J[J[J[J[J[J[J[J[J[J[J[J[J[J[J[J[J[J[J[J[J[J[J[J[J[J[J[J[J[J[J[J[J[J[J[J[J[J[J[J[J[J[J[J[J[J[J[J[J[J[J[J[J[J[J[J[J[J[J[J[J[J[J[J[J[J[J[J[J[J[J[J[J[J[J[J[J[J[J[J[J[J[J[J[J[J[J[J[J[J[J[J[J[J[J[J[J[J[J[J[J[J[J[J[J[J[J[J[J[J[J[J[J[J[J[J[J[J[J[J[J[J[J[J[J[J[J[J[J[J[J[J[J[J[J[J[J[J[J[J[J[J[J[J[J[J[J[J[J[J[J[J[J[J[J[J[J[J[J[J[J[J[J[J[J[J[J[J[J[J[J[J[J[J[J[J[J[J[J[J[J[J[J[J[J[J[J[J[J[J[J[J[J[J[J[J[J[J[J[J[J[J[J[J[J[J[J[J[J[J[J[J[J[J[J[J[J[J[J[J[J[J[J[J[J[J[J[J[J[J[J[>4m[=0;1u[A[J[?25h[?2004l# github.com/ansel1/tang/sample/broken
broken/broken.go:7:1: syntax error: unexpected }, expected expression
--- FAIL: TestProcessItemsPanic (0.60s)
    panicker_test.go:40: processing first batch of valid items...
    panicker_test.go:43: first batch OK, now processing batch with empty item...
panic: empty item at index 1 [recovered, repanicked]

goroutine 17 [running]:
testing.tRunner.func1.2({0x102aa5a60, 0x259fa47180d0})
	/opt/homebrew/Cellar/go/1.26.1/libexec/src/testing/testing.go:1974 +0x1a0
testing.tRunner.func1()
	/opt/homebrew/Cellar/go/1.26.1/libexec/src/testing/testing.go:1977 +0x318
panic({0x102aa5a60?, 0x259fa47180d0?})
	/opt/homebrew/Cellar/go/1.26.1/libexec/src/runtime/panic.go:860 +0x12c
github.com/ansel1/tang/sample/panicker.ProcessItems({0x259fa46c7ef8?, 0x3, 0x3d?})
	/Users/regan/dev/tang/sample/panicker/panicker.go:12 +0x20c
github.com/ansel1/tang/sample/panicker.TestProcessItemsPanic(0x259fa472c008)
	/Users/regan/dev/tang/sample/panicker/panicker_test.go:45 +0xf0
testing.tRunner(0x259fa472c008, 0x102ad7f10)
	/opt/homebrew/Cellar/go/1.26.1/libexec/src/testing/testing.go:2036 +0xc4
created by testing.(*T).Run in goroutine 1
	/opt/homebrew/Cellar/go/1.26.1/libexec/src/testing/testing.go:2101 +0x3a8
FAIL	github.com/ansel1/tang/sample/panicker	2.959s
FAIL	github.com/ansel1/tang/sample/broken [build failed]
?   	github.com/ansel1/tang/sample/models	[no test files]
--- FAIL: TestValidatePassword (0.00s)
    --- FAIL: TestValidatePassword/missing_special_FAILS (0.00s)
        auth_test.go:130: Issues found: [must contain a special character]
        auth_test.go:133: expected 0 issues but got 1: [must contain a special character]
FAIL	github.com/ansel1/tang/sample/auth	8.033s
ok  	github.com/ansel1/tang/sample/mathutil	4.754s
ok  	github.com/ansel1/tang/sample/cache	11.971s
ok  	github.com/ansel1/tang/sample/stringutil	14.195s
ok  	github.com/ansel1/tang/sample/validator	17.455s

=== github.com/ansel1/tang/sample/broken
  [31m# github.com/ansel1/tang/sample/broken[0m[m
  [31mbroken/broken.go:7:1: syntax error: unexpected }, expected expression[0m[m

=== github.com/ansel1/tang/sample/auth
  --- [1;31mFAIL[m: [31mTestValidatePassword[m [90m(0.00s)[m
    --- [1;31mFAIL[m: [31mTestValidatePassword/missing_special_FAILS[m [90m(0.00s)[m
        auth_test.go:130: Issues found: [must contain a special character][0m
        auth_test.go:133: expected 0 issues but got 1: [must contain a special character][0m

=== github.com/ansel1/tang/sample/panicker
  --- [1;31mFAIL[m: [31mTestProcessItemsPanic[m [90m(0.60s)[m
      panicker_test.go:40: processing first batch of valid items...[0m
      panicker_test.go:43: first batch OK, now processing batch with empty item...[0m
      panic: empty item at index 1 [recovered, repanicked][0m
      [0m
      goroutine 17 [running]:[0m
      testing.tRunner.func1.2({0x102aa5a60, 0x259fa47180d0})[0m
      /opt/homebrew/Cellar/go/1.26.1/libexec/src/testing/testing.go:1974 +0x1a0[0m
      testing.tRunner.func1()[0m
      /opt/homebrew/Cellar/go/1.26.1/libexec/src/testing/testing.go:1977 +0x318[0m
      panic({0x102aa5a60?, 0x259fa47180d0?})[0m
      /opt/homebrew/Cellar/go/1.26.1/libexec/src/runtime/panic.go:860 +0x12c[0m
      github.com/ansel1/tang/sample/panicker.ProcessItems({0x259fa46c7ef8?, 0x3, 0x3d?})[0m
      /Users/regan/dev/tang/sample/panicker/panicker.go:12 +0x20c[0m
      github.com/ansel1/tang/sample/panicker.TestProcessItemsPanic(0x259fa472c008)[0m
      /Users/regan/dev/tang/sample/panicker/panicker_test.go:45 +0xf0[0m
      testing.tRunner(0x259fa472c008, 0x102ad7f10)[0m
      /opt/homebrew/Cellar/go/1.26.1/libexec/src/testing/testing.go:2036 +0xc4[0m
      created by testing.(*T).Run in goroutine 1[0m
      /opt/homebrew/Cellar/go/1.26.1/libexec/src/testing/testing.go:2101 +0x3a8[0m

[1;31mFAIL[m    [31mgithub.com/ansel1/tang/sample/auth 8.033s           [m  [32m✓ 17[m [31m✗2[m [33m∅1[m = 20   8.032s
[1;31mFAIL[m    [31mgithub.com/ansel1/tang/sample/broken [build failed] [m                 
[1;32mok  [m    [32mgithub.com/ansel1/tang/sample/cache 11.971s         [m  [32m✓ 12[m ✗0 ∅0 = 12  11.971s
[1;32mok  [m    [32mgithub.com/ansel1/tang/sample/mathutil 4.754s       [m  [32m✓ 38[m ✗0 ∅0 = 38   4.754s
[1;33m?   [m    [33mgithub.com/ansel1/tang/sample/models [no test files][m                 
[1;31mFAIL[m    [31mgithub.com/ansel1/tang/sample/panicker 2.959s       [m  [32m✓  3[m [31m✗1[m ∅0 =  4    2.96s
[1;32mok  [m    [32mgithub.com/ansel1/tang/sample/stringutil 14.195s    [m  [32m✓ 26[m ✗0 [33m∅2[m = 28  14.195s
[1;32mok  [m    [32mgithub.com/ansel1/tang/sample/validator 17.455s     [m  [32m✓ 33[m ✗0 [33m∅1[m = 34  17.455s
--------------------------------------------------------------------------------------
(8 packages)                                                  [32m✓129[m [31m✗3[m [33m∅4[m =136  17.455s

